Log file open, 07/12/20 22:21:30
LogInit: Display: Running engine for game: Colormage
LogPlatformFile: Not using cached read wrapper
LogTaskGraph: Started task graph with 5 named threads and 14 total threads with 3 sets of task threads.
LogStats: Stats thread started at 1.280660
LogD3D11RHI: Loaded GFSDK_Aftermath_Lib.x64.dll
LogICUInternationalization: ICU TimeZone Detection - Raw Offset: +0:00, Platform Override: ''
LogPluginManager: Mounting plugin Paper2D
LogPluginManager: Mounting plugin AISupport
LogPluginManager: Mounting plugin LightPropagationVolume
LogPluginManager: Mounting plugin CameraShakePreviewer
LogPluginManager: Mounting plugin ActorLayerUtilities
LogPluginManager: Mounting plugin AnimationSharing
LogPluginManager: Mounting plugin CLionSourceCodeAccess
LogPluginManager: Mounting plugin CodeLiteSourceCodeAccess
LogPluginManager: Mounting plugin GitSourceControl
LogPluginManager: Mounting plugin KDevelopSourceCodeAccess
LogPluginManager: Mounting plugin NullSourceCodeAccess
LogPluginManager: Mounting plugin PerforceSourceControl
LogPluginManager: Mounting plugin PlasticSourceControl
LogPluginManager: Mounting plugin RiderSourceCodeAccess
LogPluginManager: Mounting plugin SubversionSourceControl
LogPluginManager: Mounting plugin UObjectPlugin
LogPluginManager: Mounting plugin VisualStudioCodeSourceCodeAccess
LogPluginManager: Mounting plugin VisualStudioSourceCodeAccess
LogPluginManager: Mounting plugin XCodeSourceCodeAccess
LogPluginManager: Mounting plugin AssetManagerEditor
LogPluginManager: Mounting plugin CryptoKeys
LogPluginManager: Mounting plugin CurveEditorTools
LogPluginManager: Mounting plugin DataValidation
LogPluginManager: Mounting plugin EditorScriptingUtilities
LogPluginManager: Mounting plugin FacialAnimation
LogPluginManager: Mounting plugin GameplayTagsEditor
LogPluginManager: Mounting plugin GeometryMode
LogPluginManager: Mounting plugin MacGraphicsSwitching
LogPluginManager: Mounting plugin MaterialAnalyzer
LogPluginManager: Mounting plugin MobileLauncherProfileWizard
LogPluginManager: Mounting plugin PluginBrowser
LogPluginManager: Mounting plugin SpeedTreeImporter
LogPluginManager: Mounting plugin DatasmithContent
LogPluginManager: Mounting plugin VariantManagerContent
LogPluginManager: Mounting plugin AlembicImporter
LogPluginManager: Mounting plugin AutomationUtils
LogPluginManager: Mounting plugin BackChannel
LogPluginManager: Mounting plugin ChaosCloth
LogPluginManager: Mounting plugin ChaosClothEditor
LogPluginManager: Mounting plugin ChaosEditor
LogPluginManager: Mounting plugin ChaosNiagara
LogPluginManager: Mounting plugin ChaosSolverPlugin
LogPluginManager: Mounting plugin CharacterAI
LogPluginManager: Mounting plugin GeometryCache
LogPluginManager: Mounting plugin GeometryCollectionPlugin
LogPluginManager: Mounting plugin GeometryProcessing
LogPluginManager: Mounting plugin PlanarCut
LogPluginManager: Mounting plugin PlatformCrypto
LogPluginManager: Mounting plugin ProxyLODPlugin
LogPluginManager: Mounting plugin SkeletalReduction
LogPluginManager: Mounting plugin Niagara
LogPluginManager: Mounting plugin MagicLeap
LogPluginManager: Mounting plugin MagicLeapLightEstimation
LogPluginManager: Mounting plugin MagicLeapMedia
LogPluginManager: Mounting plugin MagicLeapPassableWorld
LogPluginManager: Mounting plugin MLSDK
LogPluginManager: Mounting plugin AndroidMedia
LogPluginManager: Mounting plugin AvfMedia
LogPluginManager: Mounting plugin ImgMedia
LogPluginManager: Mounting plugin MediaCompositing
LogPluginManager: Mounting plugin MediaPlayerEditor
LogPluginManager: Mounting plugin WebMMedia
LogPluginManager: Mounting plugin WmfMedia
LogPluginManager: Mounting plugin MeshPainting
LogPluginManager: Mounting plugin TcpMessaging
LogPluginManager: Mounting plugin UdpMessaging
LogPluginManager: Mounting plugin ActorSequence
LogPluginManager: Mounting plugin LevelSequenceEditor
LogPluginManager: Mounting plugin MatineeToLevelSequence
LogPluginManager: Mounting plugin MovieRenderPipeline
LogPluginManager: Mounting plugin TemplateSequence
LogPluginManager: Mounting plugin NetcodeUnitTest
LogPluginManager: Mounting plugin NUTUnrealEngine4
LogPluginManager: Mounting plugin OnlineSubsystemGooglePlay
LogPluginManager: Mounting plugin OnlineSubsystemIOS
LogPluginManager: Mounting plugin OnlineSubsystem
LogPluginManager: Mounting plugin OnlineSubsystemNull
LogPluginManager: Mounting plugin OnlineSubsystemUtils
LogPluginManager: Mounting plugin LauncherChunkInstaller
LogPluginManager: Mounting plugin AndroidDeviceProfileSelector
LogPluginManager: Mounting plugin AndroidMoviePlayer
LogPluginManager: Mounting plugin AndroidPermission
LogPluginManager: Mounting plugin AppleImageUtils
LogPluginManager: Mounting plugin AppleMoviePlayer
LogPluginManager: Mounting plugin ArchVisCharacter
LogPluginManager: Mounting plugin AssetTags
LogPluginManager: Mounting plugin AudioCapture
LogPluginManager: Mounting plugin CableComponent
LogPluginManager: Mounting plugin CustomMeshComponent
LogPluginManager: Mounting plugin EditableMesh
LogPluginManager: Mounting plugin ExampleDeviceProfileSelector
LogPluginManager: Mounting plugin GoogleCloudMessaging
LogPluginManager: Mounting plugin GooglePAD
LogPluginManager: Mounting plugin IOSDeviceProfileSelector
LogPluginManager: Mounting plugin LinuxDeviceProfileSelector
LogPluginManager: Mounting plugin LocationServicesBPLibrary
LogPluginManager: Mounting plugin MobilePatchingUtils
LogPluginManager: Mounting plugin OculusVR
LogPluginManager: Mounting plugin PhysXVehicles
LogPluginManager: Mounting plugin PostSplashScreen
LogPluginManager: Mounting plugin ProceduralMeshComponent
LogPluginManager: Mounting plugin RuntimePhysXCooking
LogPluginManager: Mounting plugin SignificanceManager
LogPluginManager: Mounting plugin SoundFields
LogPluginManager: Mounting plugin SteamVR
LogPluginManager: Mounting plugin Synthesis
LogPluginManager: Mounting plugin WebMMoviePlayer
LogPluginManager: Mounting plugin WindowsMoviePlayer
LogPluginManager: Mounting plugin ScreenshotTools
LogInit: Using libcurl 7.55.1-DEV
LogInit:  - built for x86_64-pc-win32
LogInit:  - supports SSL with OpenSSL/1.1.1
LogInit:  - supports HTTP deflate (compression) using libz 1.2.8
LogInit:  - other features:
LogInit:      CURL_VERSION_SSL
LogInit:      CURL_VERSION_LIBZ
LogInit:      CURL_VERSION_IPV6
LogInit:      CURL_VERSION_ASYNCHDNS
LogInit:      CURL_VERSION_LARGEFILE
LogInit:      CURL_VERSION_IDN
LogInit:  CurlRequestOptions (configurable via config and command line):
LogInit:  - bVerifyPeer = true  - Libcurl will verify peer certificate
LogInit:  - bUseHttpProxy = false  - Libcurl will NOT use HTTP proxy
LogInit:  - bDontReuseConnections = false  - Libcurl will reuse connections
LogInit:  - MaxHostConnections = 16  - Libcurl will limit the number of connections to a host
LogInit:  - LocalHostAddr = Default
LogInit:  - BufferSize = 65536
LogOnline: OSS: Creating online subsystem instance for: NULL
LogInit: WinSock: version 1.1 (2.2), MaxSocks=32767, MaxUdp=65467
LogOnline: OSS: TryLoadSubsystemAndSetDefault: Loaded subsystem for module [NULL]
LogInit: Build: ++UE4+Release-4.25-CL-13594126
LogInit: Engine Version: 4.25.1-13594126+++UE4+Release-4.25
LogInit: Compatible Engine Version: 4.25.0-13144385+++UE4+Release-4.25
LogInit: Net CL: 13144385
LogInit: OS: Windows 10 (Release 1909) (), CPU: Intel(R) Core(TM) i5-6600 CPU @ 3.30GHz, GPU: Radeon RX 580 Series
LogInit: Compiled (64-bit): Jun  2 2020 02:10:36
LogInit: Compiled with Visual C++: 19.24.28315.00
LogInit: Build Configuration: Development
LogInit: Branch Name: ++UE4+Release-4.25
LogInit: Command Line: 
LogInit: Base Directory: C:/Program Files/Epic Games/UE_4.25/Engine/Binaries/Win64/
LogInit: Allocator: TBB
LogInit: Installed Engine Build: 1
LogDevObjectVersion: Number of dev versions registered: 26
LogDevObjectVersion:   Dev-Blueprints (B0D832E4-1F89-4F0D-ACCF-7EB736FD4AA2): 10
LogDevObjectVersion:   Dev-Build (E1C64328-A22C-4D53-A36C-8E866417BD8C): 0
LogDevObjectVersion:   Dev-Core (375EC13C-06E4-48FB-B500-84F0262A717E): 4
LogDevObjectVersion:   Dev-Editor (E4B068ED-F494-42E9-A231-DA0B2E46BB41): 38
LogDevObjectVersion:   Dev-Framework (CFFC743F-43B0-4480-9391-14DF171D2073): 37
LogDevObjectVersion:   Dev-Mobile (B02B49B5-BB20-44E9-A304-32B752E40360): 2
LogDevObjectVersion:   Dev-Networking (A4E4105C-59A1-49B5-A7C5-40C4547EDFEE): 0
LogDevObjectVersion:   Dev-Online (39C831C9-5AE6-47DC-9A44-9C173E1C8E7C): 0
LogDevObjectVersion:   Dev-Physics (78F01B33-EBEA-4F98-B9B4-84EACCB95AA2): 4
LogDevObjectVersion:   Dev-Platform (6631380F-2D4D-43E0-8009-CF276956A95A): 0
LogDevObjectVersion:   Dev-Rendering (12F88B9F-8875-4AFC-A67C-D90C383ABD29): 43
LogDevObjectVersion:   Dev-Sequencer (7B5AE74C-D270-4C10-A958-57980B212A5A): 12
LogDevObjectVersion:   Dev-VR (D7296918-1DD6-4BDD-9DE2-64A83CC13884): 3
LogDevObjectVersion:   Dev-LoadTimes (C2A15278-BFE7-4AFE-6C17-90FF531DF755): 1
LogDevObjectVersion:   Private-Geometry (6EACA3D4-40EC-4CC1-B786-8BED09428FC5): 3
LogDevObjectVersion:   Dev-AnimPhys (29E575DD-E0A3-4627-9D10-D276232CDCEA): 17
LogDevObjectVersion:   Dev-Anim (AF43A65D-7FD3-4947-9873-3E8ED9C1BB05): 7
LogDevObjectVersion:   Dev-ReflectionCapture (6B266CEC-1EC7-4B8F-A30B-E4D90942FC07): 1
LogDevObjectVersion:   Dev-Automation (0DF73D61-A23F-47EA-B727-89E90C41499A): 1
LogDevObjectVersion:   FortniteMain (601D1886-AC64-4F84-AA16-D3DE0DEAC7D6): 31
LogDevObjectVersion:   Dev-Enterprise (9DFFBCD6-494F-0158-E221-12823C92A888): 10
LogDevObjectVersion:   Dev-Niagara (F2AED0AC-9AFE-416F-8664-AA7FFA26D6FC): 1
LogDevObjectVersion:   Dev-Destruction (174F1F0B-B4C6-45A5-B13F-2EE8D0FB917D): 10
LogDevObjectVersion:   Dev-Physics-Ext (35F94A83-E258-406C-A318-09F59610247C): 37
LogDevObjectVersion:   Dev-PhysicsMaterial-Chaos (B68FC16E-8B1B-42E2-B453-215C058844FE): 1
LogDevObjectVersion:   Dev-CineCamera (B2E18506-4273-CFC2-A54E-F4BB758BBA07): 1
LogInit: Presizing for max 25165824 objects, including 0 objects not considered by GC, pre-allocating 0 bytes for permanent pool.
LogConfig: Applying CVar settings from Section [/Script/Engine.StreamingSettings] File [C:/GitHub/Colormage/Colormage/Saved/Config/Windows/Engine.ini]
LogConfig: Setting CVar [[s.MinBulkDataSizeForAsyncLoading:131072]]
LogConfig: Setting CVar [[s.AsyncLoadingThreadEnabled:0]]
LogConfig: Setting CVar [[s.EventDrivenLoaderEnabled:1]]
LogConfig: Setting CVar [[s.WarnIfTimeLimitExceeded:0]]
LogConfig: Setting CVar [[s.TimeLimitExceededMultiplier:1.5]]
LogConfig: Setting CVar [[s.TimeLimitExceededMinTime:0.005]]
LogConfig: Setting CVar [[s.UseBackgroundLevelStreaming:1]]
LogConfig: Setting CVar [[s.PriorityAsyncLoadingExtraTime:15.0]]
LogConfig: Setting CVar [[s.LevelStreamingActorsUpdateTimeLimit:5.0]]
LogConfig: Setting CVar [[s.PriorityLevelStreamingActorsUpdateExtraTime:5.0]]
LogConfig: Setting CVar [[s.LevelStreamingComponentsRegistrationGranularity:10]]
LogConfig: Setting CVar [[s.UnregisterComponentsTimeLimit:1.0]]
LogConfig: Setting CVar [[s.LevelStreamingComponentsUnregistrationGranularity:5]]
LogConfig: Setting CVar [[s.FlushStreamingOnExit:1]]
LogInit: Object subsystem initialized
LogConfig: Setting CVar [[con.DebugEarlyDefault:1]]
LogConfig: Setting CVar [[r.setres:1280x720]]
[2020.07.12-21.21.30:945][  0]LogConfig: Setting CVar [[r.VSync:0]]
[2020.07.12-21.21.30:945][  0]LogConfig: Setting CVar [[r.RHICmdBypass:0]]
[2020.07.12-21.21.30:945][  0]LogConfig: Applying CVar settings from Section [/Script/Engine.RendererSettings] File [C:/GitHub/Colormage/Colormage/Saved/Config/Windows/Engine.ini]
[2020.07.12-21.21.30:945][  0]LogConfig: Setting CVar [[r.GPUCrashDebugging:0]]
[2020.07.12-21.21.30:945][  0]LogConfig: Setting CVar [[r.Mobile.DisableVertexFog:1]]
[2020.07.12-21.21.30:945][  0]LogConfig: Setting CVar [[r.Shadow.CSM.MaxMobileCascades:2]]
[2020.07.12-21.21.30:945][  0]LogConfig: Setting CVar [[r.MobileMSAA:1]]
[2020.07.12-21.21.30:945][  0]LogConfig: Setting CVar [[r.Mobile.UseLegacyShadingModel:0]]
[2020.07.12-21.21.30:945][  0]LogConfig: Setting CVar [[r.Mobile.AllowDitheredLODTransition:0]]
[2020.07.12-21.21.30:945][  0]LogConfig: Setting CVar [[r.Mobile.AllowSoftwareOcclusion:0]]
[2020.07.12-21.21.30:945][  0]LogConfig: Setting CVar [[r.Mobile.VirtualTextures:0]]
[2020.07.12-21.21.30:945][  0]LogConfig: Setting CVar [[r.DiscardUnusedQuality:0]]
[2020.07.12-21.21.30:945][  0]LogConfig: Setting CVar [[r.AllowOcclusionQueries:1]]
[2020.07.12-21.21.30:945][  0]LogConfig: Setting CVar [[r.MinScreenRadiusForLights:0.030000]]
[2020.07.12-21.21.30:945][  0]LogConfig: Setting CVar [[r.MinScreenRadiusForDepthPrepass:0.030000]]
[2020.07.12-21.21.30:945][  0]LogConfig: Setting CVar [[r.MinScreenRadiusForCSMDepth:0.010000]]
[2020.07.12-21.21.30:945][  0]LogConfig: Setting CVar [[r.PrecomputedVisibilityWarning:0]]
[2020.07.12-21.21.30:945][  0]LogConfig: Setting CVar [[r.TextureStreaming:1]]
[2020.07.12-21.21.30:945][  0]LogConfig: Setting CVar [[Compat.UseDXT5NormalMaps:0]]
[2020.07.12-21.21.30:945][  0]LogConfig: Setting CVar [[r.VirtualTextures:0]]
[2020.07.12-21.21.30:945][  0]LogConfig: Setting CVar [[r.VirtualTexturedLightmaps:0]]
[2020.07.12-21.21.30:945][  0]LogConfig: Setting CVar [[r.VT.TileSize:128]]
[2020.07.12-21.21.30:945][  0]LogConfig: Setting CVar [[r.VT.TileBorderSize:4]]
[2020.07.12-21.21.30:945][  0]LogConfig: Setting CVar [[r.vt.FeedbackFactor:16]]
[2020.07.12-21.21.30:945][  0]LogConfig: Setting CVar [[r.VT.EnableCompressZlib:1]]
[2020.07.12-21.21.30:945][  0]LogConfig: Setting CVar [[r.VT.EnableCompressCrunch:0]]
[2020.07.12-21.21.30:945][  0]LogConfig: Setting CVar [[r.ClearCoatNormal:0]]
[2020.07.12-21.21.30:945][  0]LogConfig: Setting CVar [[r.AnisotropicBRDF:0]]
[2020.07.12-21.21.30:945][  0]LogConfig: Setting CVar [[r.ReflectionCaptureResolution:128]]
[2020.07.12-21.21.30:945][  0]LogConfig: Setting CVar [[r.ReflectionEnvironmentLightmapMixBasedOnRoughness:1]]
[2020.07.12-21.21.30:945][  0]LogConfig: Setting CVar [[r.ForwardShading:0]]
[2020.07.12-21.21.30:945][  0]LogConfig: Setting CVar [[r.VertexFoggingForOpaque:1]]
[2020.07.12-21.21.30:945][  0]LogConfig: Setting CVar [[r.AllowStaticLighting:1]]
[2020.07.12-21.21.30:945][  0]LogConfig: Setting CVar [[r.NormalMapsForStaticLighting:0]]
[2020.07.12-21.21.30:945][  0]LogConfig: Setting CVar [[r.GenerateMeshDistanceFields:0]]
[2020.07.12-21.21.30:945][  0]LogConfig: Setting CVar [[r.DistanceFieldBuild.EightBit:0]]
[2020.07.12-21.21.30:945][  0]LogConfig: Setting CVar [[r.GenerateLandscapeGIData:0]]
[2020.07.12-21.21.30:945][  0]LogConfig: Setting CVar [[r.DistanceFieldBuild.Compress:0]]
[2020.07.12-21.21.30:945][  0]LogConfig: Setting CVar [[r.TessellationAdaptivePixelsPerTriangle:48.000000]]
[2020.07.12-21.21.30:945][  0]LogConfig: Setting CVar [[r.SeparateTranslucency:1]]
[2020.07.12-21.21.30:945][  0]LogConfig: Setting CVar [[r.TranslucentSortPolicy:0]]
[2020.07.12-21.21.30:946][  0]LogConfig: Setting CVar [[r.CustomDepth:1]]
[2020.07.12-21.21.30:946][  0]LogConfig: Setting CVar [[r.CustomDepthTemporalAAJitter:1]]
[2020.07.12-21.21.30:946][  0]LogConfig: Setting CVar [[r.PostProcessing.PropagateAlpha:0]]
[2020.07.12-21.21.30:946][  0]LogConfig: Setting CVar [[r.DefaultFeature.Bloom:1]]
[2020.07.12-21.21.30:946][  0]LogConfig: Setting CVar [[r.DefaultFeature.AmbientOcclusion:1]]
[2020.07.12-21.21.30:946][  0]LogConfig: Setting CVar [[r.DefaultFeature.AmbientOcclusionStaticFraction:1]]
[2020.07.12-21.21.30:946][  0]LogConfig: Setting CVar [[r.DefaultFeature.AutoExposure:0]]
[2020.07.12-21.21.30:946][  0]LogConfig: Setting CVar [[r.DefaultFeature.AutoExposure.Method:0]]
[2020.07.12-21.21.30:946][  0]LogConfig: Setting CVar [[r.DefaultFeature.AutoExposure.Bias:1.000000]]
[2020.07.12-21.21.30:946][  0]LogConfig: Setting CVar [[r.DefaultFeature.AutoExposure.ExtendDefaultLuminanceRange:0]]
[2020.07.12-21.21.30:946][  0]LogConfig: Setting CVar [[r.UsePreExposure:1]]
[2020.07.12-21.21.30:946][  0]LogConfig: Setting CVar [[r.EyeAdaptation.EditorOnly:0]]
[2020.07.12-21.21.30:946][  0]LogConfig: Setting CVar [[r.DefaultFeature.MotionBlur:0]]
[2020.07.12-21.21.30:946][  0]LogConfig: Setting CVar [[r.DefaultFeature.LensFlare:0]]
[2020.07.12-21.21.30:946][  0]LogConfig: Setting CVar [[r.TemporalAA.Upsampling:0]]
[2020.07.12-21.21.30:946][  0]LogConfig: Setting CVar [[r.SSGI.Enable:0]]
[2020.07.12-21.21.30:946][  0]LogConfig: Setting CVar [[r.DefaultFeature.AntiAliasing:0]]
[2020.07.12-21.21.30:946][  0]LogConfig: Setting CVar [[r.DefaultFeature.LightUnits:1]]
[2020.07.12-21.21.30:946][  0]LogConfig: Setting CVar [[r.DefaultBackBufferPixelFormat:4]]
[2020.07.12-21.21.30:946][  0]LogConfig: Setting CVar [[r.Shadow.UnbuiltPreviewInGame:1]]
[2020.07.12-21.21.30:946][  0]LogConfig: Setting CVar [[r.StencilForLODDither:0]]
[2020.07.12-21.21.30:946][  0]LogConfig: Setting CVar [[r.EarlyZPass:3]]
[2020.07.12-21.21.30:946][  0]LogConfig: Setting CVar [[r.EarlyZPassOnlyMaterialMasking:0]]
[2020.07.12-21.21.30:946][  0]LogConfig: Setting CVar [[r.DBuffer:1]]
[2020.07.12-21.21.30:946][  0]LogConfig: Setting CVar [[r.ClearSceneMethod:1]]
[2020.07.12-21.21.30:946][  0]LogConfig: Setting CVar [[r.BasePassOutputsVelocity:0]]
[2020.07.12-21.21.30:946][  0]LogConfig: Setting CVar [[r.VertexDeformationOutputsVelocity:0]]
[2020.07.12-21.21.30:946][  0]LogConfig: Setting CVar [[r.SelectiveBasePassOutputs:0]]
[2020.07.12-21.21.30:946][  0]LogConfig: Setting CVar [[fx.GPUSimulationTextureSizeX:1024]]
[2020.07.12-21.21.30:946][  0]LogConfig: Setting CVar [[fx.GPUSimulationTextureSizeY:1024]]
[2020.07.12-21.21.30:946][  0]LogConfig: Setting CVar [[r.AllowGlobalClipPlane:0]]
[2020.07.12-21.21.30:946][  0]LogConfig: Setting CVar [[r.GBufferFormat:1]]
[2020.07.12-21.21.30:946][  0]LogConfig: Setting CVar [[r.MorphTarget.Mode:1]]
[2020.07.12-21.21.30:946][  0]LogConfig: Setting CVar [[vr.InstancedStereo:0]]
[2020.07.12-21.21.30:946][  0]LogConfig: Setting CVar [[r.MobileHDR:0]]
[2020.07.12-21.21.30:946][  0]LogConfig: Setting CVar [[vr.MobileMultiView:0]]
[2020.07.12-21.21.30:946][  0]LogConfig: Setting CVar [[r.Mobile.UseHWsRGBEncoding:0]]
[2020.07.12-21.21.30:946][  0]LogConfig: Setting CVar [[vr.RoundRobinOcclusion:0]]
[2020.07.12-21.21.30:946][  0]LogConfig: Setting CVar [[vr.ODSCapture:0]]
[2020.07.12-21.21.30:946][  0]LogConfig: Setting CVar [[r.MeshStreaming:0]]
[2020.07.12-21.21.30:946][  0]LogConfig: Setting CVar [[r.WireframeCullThreshold:5.000000]]
[2020.07.12-21.21.30:946][  0]LogConfig: Setting CVar [[r.RayTracing:0]]
[2020.07.12-21.21.30:946][  0]LogConfig: Setting CVar [[r.RayTracing.UseTextureLod:0]]
[2020.07.12-21.21.30:946][  0]LogConfig: Setting CVar [[r.SupportStationarySkylight:1]]
[2020.07.12-21.21.30:946][  0]LogConfig: Setting CVar [[r.SupportLowQualityLightmaps:1]]
[2020.07.12-21.21.30:946][  0]LogConfig: Setting CVar [[r.SupportPointLightWholeSceneShadows:1]]
[2020.07.12-21.21.30:946][  0]LogConfig: Setting CVar [[r.SupportAtmosphericFog:1]]
[2020.07.12-21.21.30:946][  0]LogConfig: Setting CVar [[r.SupportSkyAtmosphere:1]]
[2020.07.12-21.21.30:946][  0]LogConfig: Setting CVar [[r.SupportSkyAtmosphereAffectsHeightFog:0]]
[2020.07.12-21.21.30:946][  0]LogConfig: Setting CVar [[r.SkinCache.CompileShaders:0]]
[2020.07.12-21.21.30:946][  0]LogConfig: Setting CVar [[r.SkinCache.DefaultBehavior:1]]
[2020.07.12-21.21.30:946][  0]LogConfig: Setting CVar [[r.SkinCache.SceneMemoryLimitInMB:128.000000]]
[2020.07.12-21.21.30:946][  0]LogConfig: Setting CVar [[r.Mobile.EnableStaticAndCSMShadowReceivers:1]]
[2020.07.12-21.21.30:946][  0]LogConfig: Setting CVar [[r.Mobile.EnableMovableLightCSMShaderCulling:1]]
[2020.07.12-21.21.30:946][  0]LogConfig: Setting CVar [[r.Mobile.AllowDistanceFieldShadows:1]]
[2020.07.12-21.21.30:946][  0]LogConfig: Setting CVar [[r.Mobile.AllowMovableDirectionalLights:1]]
[2020.07.12-21.21.30:946][  0]LogConfig: Setting CVar [[r.MobileNumDynamicPointLights:4]]
[2020.07.12-21.21.30:946][  0]LogConfig: Setting CVar [[r.MobileDynamicPointLightsUseStaticBranch:1]]
[2020.07.12-21.21.30:946][  0]LogConfig: Setting CVar [[r.Mobile.EnableMovableSpotlights:0]]
[2020.07.12-21.21.30:946][  0]LogConfig: Setting CVar [[r.GPUSkin.Support16BitBoneIndex:0]]
[2020.07.12-21.21.30:946][  0]LogConfig: Setting CVar [[r.GPUSkin.Limit2BoneInfluences:0]]
[2020.07.12-21.21.30:946][  0]LogConfig: Setting CVar [[r.SupportDepthOnlyIndexBuffers:1]]
[2020.07.12-21.21.30:946][  0]LogConfig: Setting CVar [[r.SupportReversedIndexBuffers:1]]
[2020.07.12-21.21.30:946][  0]LogConfig: Setting CVar [[r.SupportMaterialLayers:0]]
[2020.07.12-21.21.30:946][  0]LogConfig: Setting CVar [[r.LightPropagationVolume:0]]
[2020.07.12-21.21.30:947][  0]LogConfig: Applying CVar settings from Section [/Script/Engine.RendererOverrideSettings] File [C:/GitHub/Colormage/Colormage/Saved/Config/Windows/Engine.ini]
[2020.07.12-21.21.30:947][  0]LogConfig: Applying CVar settings from Section [/Script/Engine.StreamingSettings] File [C:/GitHub/Colormage/Colormage/Saved/Config/Windows/Engine.ini]
[2020.07.12-21.21.30:947][  0]LogConfig: Setting CVar [[s.MinBulkDataSizeForAsyncLoading:131072]]
[2020.07.12-21.21.30:947][  0]LogConfig: Setting CVar [[s.AsyncLoadingThreadEnabled:0]]
[2020.07.12-21.21.30:947][  0]LogConfig: Setting CVar [[s.EventDrivenLoaderEnabled:1]]
[2020.07.12-21.21.30:947][  0]LogConfig: Setting CVar [[s.WarnIfTimeLimitExceeded:0]]
[2020.07.12-21.21.30:947][  0]LogConfig: Setting CVar [[s.TimeLimitExceededMultiplier:1.5]]
[2020.07.12-21.21.30:947][  0]LogConfig: Setting CVar [[s.TimeLimitExceededMinTime:0.005]]
[2020.07.12-21.21.30:947][  0]LogConfig: Setting CVar [[s.UseBackgroundLevelStreaming:1]]
[2020.07.12-21.21.30:947][  0]LogConfig: Setting CVar [[s.PriorityAsyncLoadingExtraTime:15.0]]
[2020.07.12-21.21.30:947][  0]LogConfig: Setting CVar [[s.LevelStreamingActorsUpdateTimeLimit:5.0]]
[2020.07.12-21.21.30:947][  0]LogConfig: Setting CVar [[s.PriorityLevelStreamingActorsUpdateExtraTime:5.0]]
[2020.07.12-21.21.30:947][  0]LogConfig: Setting CVar [[s.LevelStreamingComponentsRegistrationGranularity:10]]
[2020.07.12-21.21.30:947][  0]LogConfig: Setting CVar [[s.UnregisterComponentsTimeLimit:1.0]]
[2020.07.12-21.21.30:947][  0]LogConfig: Setting CVar [[s.LevelStreamingComponentsUnregistrationGranularity:5]]
[2020.07.12-21.21.30:947][  0]LogConfig: Setting CVar [[s.FlushStreamingOnExit:1]]
[2020.07.12-21.21.30:947][  0]LogConfig: Applying CVar settings from Section [/Script/Engine.GarbageCollectionSettings] File [C:/GitHub/Colormage/Colormage/Saved/Config/Windows/Engine.ini]
[2020.07.12-21.21.30:947][  0]LogConfig: Setting CVar [[gc.MaxObjectsNotConsideredByGC:1]]
[2020.07.12-21.21.30:947][  0]LogConfig: Setting CVar [[gc.SizeOfPermanentObjectPool:0]]
[2020.07.12-21.21.30:947][  0]LogConfig: Setting CVar [[gc.FlushStreamingOnGC:0]]
[2020.07.12-21.21.30:947][  0]LogConfig: Setting CVar [[gc.NumRetriesBeforeForcingGC:10]]
[2020.07.12-21.21.30:947][  0]LogConfig: Setting CVar [[gc.AllowParallelGC:1]]
[2020.07.12-21.21.30:947][  0]LogConfig: Setting CVar [[gc.TimeBetweenPurgingPendingKillObjects:61.1]]
[2020.07.12-21.21.30:947][  0]LogConfig: Setting CVar [[gc.MaxObjectsInEditor:25165824]]
[2020.07.12-21.21.30:947][  0]LogConfig: Setting CVar [[gc.IncrementalBeginDestroyEnabled:1]]
[2020.07.12-21.21.30:947][  0]LogConfig: Setting CVar [[gc.CreateGCClusters:1]]
[2020.07.12-21.21.30:947][  0]LogConfig: Setting CVar [[gc.MinGCClusterSize:5]]
[2020.07.12-21.21.30:947][  0]LogConfig: Setting CVar [[gc.ActorClusteringEnabled:0]]
[2020.07.12-21.21.30:947][  0]LogConfig: Setting CVar [[gc.BlueprintClusteringEnabled:0]]
[2020.07.12-21.21.30:947][  0]LogConfig: Setting CVar [[gc.UseDisregardForGCOnDedicatedServers:0]]
[2020.07.12-21.21.30:947][  0]LogConfig: Applying CVar settings from Section [/Script/Engine.NetworkSettings] File [C:/GitHub/Colormage/Colormage/Saved/Config/Windows/Engine.ini]
[2020.07.12-21.21.30:947][  0]LogConfig: Applying CVar settings from Section [/Script/UnrealEd.CookerSettings] File [C:/GitHub/Colormage/Colormage/Saved/Config/Windows/Engine.ini]
[2020.07.12-21.21.30:950][  0]LogConfig: Applying CVar settings from Section [ViewDistanceQuality@3] File [C:/GitHub/Colormage/Colormage/Saved/Config/Windows/Scalability.ini]
[2020.07.12-21.21.30:950][  0]LogConfig: Setting CVar [[r.SkeletalMeshLODBias:0]]
[2020.07.12-21.21.30:950][  0]LogConfig: Setting CVar [[r.ViewDistanceScale:1.0]]
[2020.07.12-21.21.30:950][  0]LogConfig: Applying CVar settings from Section [AntiAliasingQuality@3] File [C:/GitHub/Colormage/Colormage/Saved/Config/Windows/Scalability.ini]
[2020.07.12-21.21.30:950][  0]LogConfig: Setting CVar [[r.PostProcessAAQuality:4]]
[2020.07.12-21.21.30:950][  0]LogConfig: Applying CVar settings from Section [ShadowQuality@3] File [C:/GitHub/Colormage/Colormage/Saved/Config/Windows/Scalability.ini]
[2020.07.12-21.21.30:950][  0]LogConfig: Setting CVar [[r.LightFunctionQuality:1]]
[2020.07.12-21.21.30:950][  0]LogConfig: Setting CVar [[r.ShadowQuality:5]]
[2020.07.12-21.21.30:950][  0]LogConfig: Setting CVar [[r.Shadow.CSM.MaxCascades:10]]
[2020.07.12-21.21.30:950][  0]LogConfig: Setting CVar [[r.Shadow.MaxResolution:2048]]
[2020.07.12-21.21.30:950][  0]LogConfig: Setting CVar [[r.Shadow.MaxCSMResolution:2048]]
[2020.07.12-21.21.30:950][  0]LogConfig: Setting CVar [[r.Shadow.RadiusThreshold:0.01]]
[2020.07.12-21.21.30:950][  0]LogConfig: Setting CVar [[r.Shadow.DistanceScale:1.0]]
[2020.07.12-21.21.30:950][  0]LogConfig: Setting CVar [[r.Shadow.CSM.TransitionScale:1.0]]
[2020.07.12-21.21.30:950][  0]LogConfig: Setting CVar [[r.Shadow.PreShadowResolutionFactor:1.0]]
[2020.07.12-21.21.30:950][  0]LogConfig: Setting CVar [[r.DistanceFieldShadowing:1]]
[2020.07.12-21.21.30:950][  0]LogConfig: Setting CVar [[r.DistanceFieldAO:1]]
[2020.07.12-21.21.30:950][  0]LogConfig: Setting CVar [[r.AOQuality:2]]
[2020.07.12-21.21.30:950][  0]LogConfig: Setting CVar [[r.VolumetricFog:1]]
[2020.07.12-21.21.30:950][  0]LogConfig: Setting CVar [[r.VolumetricFog.GridPixelSize:8]]
[2020.07.12-21.21.30:950][  0]LogConfig: Setting CVar [[r.VolumetricFog.GridSizeZ:128]]
[2020.07.12-21.21.30:950][  0]LogConfig: Setting CVar [[r.VolumetricFog.HistoryMissSupersampleCount:4]]
[2020.07.12-21.21.30:950][  0]LogConfig: Setting CVar [[r.LightMaxDrawDistanceScale:1]]
[2020.07.12-21.21.30:950][  0]LogConfig: Setting CVar [[r.CapsuleShadows:1]]
[2020.07.12-21.21.30:950][  0]LogConfig: Applying CVar settings from Section [PostProcessQuality@3] File [C:/GitHub/Colormage/Colormage/Saved/Config/Windows/Scalability.ini]
[2020.07.12-21.21.30:950][  0]LogConfig: Setting CVar [[r.MotionBlurQuality:4]]
[2020.07.12-21.21.30:950][  0]LogConfig: Setting CVar [[r.AmbientOcclusionMipLevelFactor:0.4]]
[2020.07.12-21.21.30:950][  0]LogConfig: Setting CVar [[r.AmbientOcclusionMaxQuality:100]]
[2020.07.12-21.21.30:950][  0]LogConfig: Setting CVar [[r.AmbientOcclusionLevels:-1]]
[2020.07.12-21.21.30:950][  0]LogConfig: Setting CVar [[r.AmbientOcclusionRadiusScale:1.0]]
[2020.07.12-21.21.30:950][  0]LogConfig: Setting CVar [[r.DepthOfFieldQuality:2]]
[2020.07.12-21.21.30:950][  0]LogConfig: Setting CVar [[r.RenderTargetPoolMin:400]]
[2020.07.12-21.21.30:950][  0]LogConfig: Setting CVar [[r.LensFlareQuality:2]]
[2020.07.12-21.21.30:950][  0]LogConfig: Setting CVar [[r.SceneColorFringeQuality:1]]
[2020.07.12-21.21.30:950][  0]LogConfig: Setting CVar [[r.EyeAdaptationQuality:2]]
[2020.07.12-21.21.30:950][  0]LogConfig: Setting CVar [[r.BloomQuality:5]]
[2020.07.12-21.21.30:950][  0]LogConfig: Setting CVar [[r.FastBlurThreshold:100]]
[2020.07.12-21.21.30:950][  0]LogConfig: Setting CVar [[r.Upscale.Quality:3]]
[2020.07.12-21.21.30:950][  0]LogConfig: Setting CVar [[r.Tonemapper.GrainQuantization:1]]
[2020.07.12-21.21.30:950][  0]LogConfig: Setting CVar [[r.LightShaftQuality:1]]
[2020.07.12-21.21.30:950][  0]LogConfig: Setting CVar [[r.Filter.SizeScale:1]]
[2020.07.12-21.21.30:950][  0]LogConfig: Setting CVar [[r.Tonemapper.Quality:5]]
[2020.07.12-21.21.30:950][  0]LogConfig: Setting CVar [[r.DOF.Gather.AccumulatorQuality:1        ; higher gathering accumulator quality]]
[2020.07.12-21.21.30:950][  0]LogConfig: Setting CVar [[r.DOF.Gather.PostfilterMethod:1          ; Median3x3 postfilering method]]
[2020.07.12-21.21.30:950][  0]LogConfig: Setting CVar [[r.DOF.Gather.EnableBokehSettings:0       ; no bokeh simulation when gathering]]
[2020.07.12-21.21.30:950][  0]LogConfig: Setting CVar [[r.DOF.Gather.RingCount:4                 ; medium number of samples when gathering]]
[2020.07.12-21.21.30:950][  0]LogConfig: Setting CVar [[r.DOF.Scatter.ForegroundCompositing:1    ; additive foreground scattering]]
[2020.07.12-21.21.30:951][  0]LogConfig: Setting CVar [[r.DOF.Scatter.BackgroundCompositing:2    ; additive background scattering]]
[2020.07.12-21.21.30:951][  0]LogConfig: Setting CVar [[r.DOF.Scatter.EnableBokehSettings:1      ; bokeh simulation when scattering]]
[2020.07.12-21.21.30:951][  0]LogConfig: Setting CVar [[r.DOF.Scatter.MaxSpriteRatio:0.1         ; only a maximum of 10% of scattered bokeh]]
[2020.07.12-21.21.30:951][  0]LogConfig: Setting CVar [[r.DOF.Recombine.Quality:1                ; cheap slight out of focus]]
[2020.07.12-21.21.30:951][  0]LogConfig: Setting CVar [[r.DOF.Recombine.EnableBokehSettings:0    ; no bokeh simulation on slight out of focus]]
[2020.07.12-21.21.30:951][  0]LogConfig: Setting CVar [[r.DOF.TemporalAAQuality:1                ; more stable temporal accumulation]]
[2020.07.12-21.21.30:951][  0]LogConfig: Setting CVar [[r.DOF.Kernel.MaxForegroundRadius:0.025]]
[2020.07.12-21.21.30:951][  0]LogConfig: Setting CVar [[r.DOF.Kernel.MaxBackgroundRadius:0.025]]
[2020.07.12-21.21.30:951][  0]LogConfig: Applying CVar settings from Section [TextureQuality@3] File [C:/GitHub/Colormage/Colormage/Saved/Config/Windows/Scalability.ini]
[2020.07.12-21.21.30:951][  0]LogConfig: Setting CVar [[r.Streaming.MipBias:0]]
[2020.07.12-21.21.30:951][  0]LogConfig: Setting CVar [[r.Streaming.AmortizeCPUToGPUCopy:0]]
[2020.07.12-21.21.30:951][  0]LogConfig: Setting CVar [[r.Streaming.MaxNumTexturesToStreamPerFrame:0]]
[2020.07.12-21.21.30:951][  0]LogConfig: Setting CVar [[r.Streaming.Boost:1]]
[2020.07.12-21.21.30:951][  0]LogConfig: Setting CVar [[r.MaxAnisotropy:8]]
[2020.07.12-21.21.30:951][  0]LogConfig: Setting CVar [[r.VT.MaxAnisotropy:8]]
[2020.07.12-21.21.30:951][  0]LogConfig: Setting CVar [[r.Streaming.LimitPoolSizeToVRAM:0]]
[2020.07.12-21.21.30:951][  0]LogConfig: Setting CVar [[r.Streaming.PoolSize:1000]]
[2020.07.12-21.21.30:951][  0]LogConfig: Setting CVar [[r.Streaming.MaxEffectiveScreenSize:0]]
[2020.07.12-21.21.30:951][  0]LogConfig: Applying CVar settings from Section [EffectsQuality@3] File [C:/GitHub/Colormage/Colormage/Saved/Config/Windows/Scalability.ini]
[2020.07.12-21.21.30:951][  0]LogConfig: Setting CVar [[r.TranslucencyLightingVolumeDim:64]]
[2020.07.12-21.21.30:951][  0]LogConfig: Setting CVar [[r.RefractionQuality:2]]
[2020.07.12-21.21.30:951][  0]LogConfig: Setting CVar [[r.SSR.Quality:3]]
[2020.07.12-21.21.30:951][  0]LogConfig: Setting CVar [[r.SSR.HalfResSceneColor:0]]
[2020.07.12-21.21.30:951][  0]LogConfig: Setting CVar [[r.SceneColorFormat:4]]
[2020.07.12-21.21.30:951][  0]LogConfig: Setting CVar [[r.DetailMode:2]]
[2020.07.12-21.21.30:951][  0]LogConfig: Setting CVar [[r.TranslucencyVolumeBlur:1]]
[2020.07.12-21.21.30:951][  0]LogConfig: Setting CVar [[r.MaterialQualityLevel:1 ; High quality]]
[2020.07.12-21.21.30:951][  0]LogConfig: Setting CVar [[r.SSS.Scale:1]]
[2020.07.12-21.21.30:951][  0]LogConfig: Setting CVar [[r.SSS.SampleSet:2]]
[2020.07.12-21.21.30:951][  0]LogConfig: Setting CVar [[r.SSS.Quality:1]]
[2020.07.12-21.21.30:951][  0]LogConfig: Setting CVar [[r.SSS.HalfRes:0]]
[2020.07.12-21.21.30:951][  0]LogConfig: Setting CVar [[r.SSGI.Quality:3]]
[2020.07.12-21.21.30:951][  0]LogConfig: Setting CVar [[r.EmitterSpawnRateScale:1.0]]
[2020.07.12-21.21.30:951][  0]LogConfig: Setting CVar [[r.ParticleLightQuality:2]]
[2020.07.12-21.21.30:951][  0]LogConfig: Setting CVar [[r.SkyAtmosphere.AerialPerspectiveLUT.FastApplyOnOpaque:1 ; Always have FastSkyLUT 1 in this case to avoid wrong sky]]
[2020.07.12-21.21.30:951][  0]LogConfig: Setting CVar [[r.SkyAtmosphere.AerialPerspectiveLUT.SampleCountPerSlice:1]]
[2020.07.12-21.21.30:951][  0]LogConfig: Setting CVar [[r.SkyAtmosphere.AerialPerspectiveLUT.DepthResolution:16.0]]
[2020.07.12-21.21.30:951][  0]LogConfig: Setting CVar [[r.SkyAtmosphere.FastSkyLUT:1]]
[2020.07.12-21.21.30:951][  0]LogConfig: Setting CVar [[r.SkyAtmosphere.FastSkyLUT.SampleCountMin:4.0]]
[2020.07.12-21.21.30:951][  0]LogConfig: Setting CVar [[r.SkyAtmosphere.FastSkyLUT.SampleCountMax:32.0]]
[2020.07.12-21.21.30:951][  0]LogConfig: Setting CVar [[r.SkyAtmosphere.SampleCountMin:4.0]]
[2020.07.12-21.21.30:951][  0]LogConfig: Setting CVar [[r.SkyAtmosphere.SampleCountMax:32.0]]
[2020.07.12-21.21.30:951][  0]LogConfig: Setting CVar [[r.SkyAtmosphere.TransmittanceLUT.UseSmallFormat:0]]
[2020.07.12-21.21.30:951][  0]LogConfig: Setting CVar [[r.SkyAtmosphere.TransmittanceLUT.SampleCount:10.0]]
[2020.07.12-21.21.30:951][  0]LogConfig: Setting CVar [[r.SkyAtmosphere.MultiScatteringLUT.SampleCount:15.0]]
[2020.07.12-21.21.30:951][  0]LogConfig: Applying CVar settings from Section [FoliageQuality@3] File [C:/GitHub/Colormage/Colormage/Saved/Config/Windows/Scalability.ini]
[2020.07.12-21.21.30:951][  0]LogConfig: Setting CVar [[foliage.DensityScale:1.0]]
[2020.07.12-21.21.30:951][  0]LogConfig: Setting CVar [[grass.DensityScale:1.0]]
[2020.07.12-21.21.30:951][  0]LogConfig: Applying CVar settings from Section [ShadingQuality@3] File [C:/GitHub/Colormage/Colormage/Saved/Config/Windows/Scalability.ini]
[2020.07.12-21.21.30:951][  0]LogConfig: Setting CVar [[r.HairStrands.SkyLighting.SampleCount:16]]
[2020.07.12-21.21.30:951][  0]LogConfig: Setting CVar [[r.HairStrands.SkyLighting.JitterIntegration:0]]
[2020.07.12-21.21.30:951][  0]LogConfig: Setting CVar [[r.HairStrands.SkyAO.SampleCount:16]]
[2020.07.12-21.21.30:951][  0]LogConfig: Setting CVar [[r.HairStrands.DeepShadow.SuperSampling:0]]
[2020.07.12-21.21.30:951][  0]LogConfig: Setting CVar [[r.HairStrands.VisibilityPPLL:0]]
[2020.07.12-21.21.30:951][  0]LogConfig: Setting CVar [[r.HairStrands.RasterizationScale:0.5]]
[2020.07.12-21.21.30:951][  0]LogConfig: Setting CVar [[r.HairStrands.VelocityRasterizationScale:1]]
[2020.07.12-21.21.30:951][  0]LogInit: Selected Device Profile: [Windows]
[2020.07.12-21.21.30:951][  0]LogInit: Applying CVar settings loaded from the selected device profile: [Windows]
[2020.07.12-21.21.30:952][  0]LogHAL: Display: Platform has ~ 16 GB [17138032640 / 17179869184 / 16], which maps to Larger [LargestMinGB=32, LargerMinGB=12, DefaultMinGB=8, SmallerMinGB=6, SmallestMinGB=0)
[2020.07.12-21.21.30:952][  0]LogInit: Going up to parent DeviceProfile []
[2020.07.12-21.21.30:952][  0]LogConfig: Applying CVar settings from Section [ViewDistanceQuality@3] File [C:/GitHub/Colormage/Colormage/Saved/Config/Windows/Scalability.ini]
[2020.07.12-21.21.30:952][  0]LogConfig: Setting CVar [[r.SkeletalMeshLODBias:0]]
[2020.07.12-21.21.30:952][  0]LogConfig: Setting CVar [[r.ViewDistanceScale:1.0]]
[2020.07.12-21.21.30:952][  0]LogConfig: Applying CVar settings from Section [AntiAliasingQuality@3] File [C:/GitHub/Colormage/Colormage/Saved/Config/Windows/Scalability.ini]
[2020.07.12-21.21.30:952][  0]LogConfig: Setting CVar [[r.PostProcessAAQuality:4]]
[2020.07.12-21.21.30:952][  0]LogConfig: Applying CVar settings from Section [ShadowQuality@3] File [C:/GitHub/Colormage/Colormage/Saved/Config/Windows/Scalability.ini]
[2020.07.12-21.21.30:952][  0]LogConfig: Setting CVar [[r.LightFunctionQuality:1]]
[2020.07.12-21.21.30:952][  0]LogConfig: Setting CVar [[r.ShadowQuality:5]]
[2020.07.12-21.21.30:952][  0]LogConfig: Setting CVar [[r.Shadow.CSM.MaxCascades:10]]
[2020.07.12-21.21.30:952][  0]LogConfig: Setting CVar [[r.Shadow.MaxResolution:2048]]
[2020.07.12-21.21.30:952][  0]LogConfig: Setting CVar [[r.Shadow.MaxCSMResolution:2048]]
[2020.07.12-21.21.30:952][  0]LogConfig: Setting CVar [[r.Shadow.RadiusThreshold:0.01]]
[2020.07.12-21.21.30:952][  0]LogConfig: Setting CVar [[r.Shadow.DistanceScale:1.0]]
[2020.07.12-21.21.30:952][  0]LogConfig: Setting CVar [[r.Shadow.CSM.TransitionScale:1.0]]
[2020.07.12-21.21.30:952][  0]LogConfig: Setting CVar [[r.Shadow.PreShadowResolutionFactor:1.0]]
[2020.07.12-21.21.30:952][  0]LogConfig: Setting CVar [[r.DistanceFieldShadowing:1]]
[2020.07.12-21.21.30:952][  0]LogConfig: Setting CVar [[r.DistanceFieldAO:1]]
[2020.07.12-21.21.30:952][  0]LogConfig: Setting CVar [[r.AOQuality:2]]
[2020.07.12-21.21.30:952][  0]LogConfig: Setting CVar [[r.VolumetricFog:1]]
[2020.07.12-21.21.30:952][  0]LogConfig: Setting CVar [[r.VolumetricFog.GridPixelSize:8]]
[2020.07.12-21.21.30:952][  0]LogConfig: Setting CVar [[r.VolumetricFog.GridSizeZ:128]]
[2020.07.12-21.21.30:952][  0]LogConfig: Setting CVar [[r.VolumetricFog.HistoryMissSupersampleCount:4]]
[2020.07.12-21.21.30:952][  0]LogConfig: Setting CVar [[r.LightMaxDrawDistanceScale:1]]
[2020.07.12-21.21.30:952][  0]LogConfig: Setting CVar [[r.CapsuleShadows:1]]
[2020.07.12-21.21.30:952][  0]LogConfig: Applying CVar settings from Section [PostProcessQuality@3] File [C:/GitHub/Colormage/Colormage/Saved/Config/Windows/Scalability.ini]
[2020.07.12-21.21.30:952][  0]LogConfig: Setting CVar [[r.MotionBlurQuality:4]]
[2020.07.12-21.21.30:952][  0]LogConfig: Setting CVar [[r.AmbientOcclusionMipLevelFactor:0.4]]
[2020.07.12-21.21.30:952][  0]LogConfig: Setting CVar [[r.AmbientOcclusionMaxQuality:100]]
[2020.07.12-21.21.30:952][  0]LogConfig: Setting CVar [[r.AmbientOcclusionLevels:-1]]
[2020.07.12-21.21.30:952][  0]LogConfig: Setting CVar [[r.AmbientOcclusionRadiusScale:1.0]]
[2020.07.12-21.21.30:952][  0]LogConfig: Setting CVar [[r.DepthOfFieldQuality:2]]
[2020.07.12-21.21.30:952][  0]LogConfig: Setting CVar [[r.RenderTargetPoolMin:400]]
[2020.07.12-21.21.30:952][  0]LogConfig: Setting CVar [[r.LensFlareQuality:2]]
[2020.07.12-21.21.30:952][  0]LogConfig: Setting CVar [[r.SceneColorFringeQuality:1]]
[2020.07.12-21.21.30:952][  0]LogConfig: Setting CVar [[r.EyeAdaptationQuality:2]]
[2020.07.12-21.21.30:952][  0]LogConfig: Setting CVar [[r.BloomQuality:5]]
[2020.07.12-21.21.30:952][  0]LogConfig: Setting CVar [[r.FastBlurThreshold:100]]
[2020.07.12-21.21.30:952][  0]LogConfig: Setting CVar [[r.Upscale.Quality:3]]
[2020.07.12-21.21.30:952][  0]LogConfig: Setting CVar [[r.Tonemapper.GrainQuantization:1]]
[2020.07.12-21.21.30:952][  0]LogConfig: Setting CVar [[r.LightShaftQuality:1]]
[2020.07.12-21.21.30:952][  0]LogConfig: Setting CVar [[r.Filter.SizeScale:1]]
[2020.07.12-21.21.30:952][  0]LogConfig: Setting CVar [[r.Tonemapper.Quality:5]]
[2020.07.12-21.21.30:952][  0]LogConfig: Setting CVar [[r.DOF.Gather.AccumulatorQuality:1        ; higher gathering accumulator quality]]
[2020.07.12-21.21.30:952][  0]LogConfig: Setting CVar [[r.DOF.Gather.PostfilterMethod:1          ; Median3x3 postfilering method]]
[2020.07.12-21.21.30:952][  0]LogConfig: Setting CVar [[r.DOF.Gather.EnableBokehSettings:0       ; no bokeh simulation when gathering]]
[2020.07.12-21.21.30:952][  0]LogConfig: Setting CVar [[r.DOF.Gather.RingCount:4                 ; medium number of samples when gathering]]
[2020.07.12-21.21.30:952][  0]LogConfig: Setting CVar [[r.DOF.Scatter.ForegroundCompositing:1    ; additive foreground scattering]]
[2020.07.12-21.21.30:952][  0]LogConfig: Setting CVar [[r.DOF.Scatter.BackgroundCompositing:2    ; additive background scattering]]
[2020.07.12-21.21.30:952][  0]LogConfig: Setting CVar [[r.DOF.Scatter.EnableBokehSettings:1      ; bokeh simulation when scattering]]
[2020.07.12-21.21.30:952][  0]LogConfig: Setting CVar [[r.DOF.Scatter.MaxSpriteRatio:0.1         ; only a maximum of 10% of scattered bokeh]]
[2020.07.12-21.21.30:952][  0]LogConfig: Setting CVar [[r.DOF.Recombine.Quality:1                ; cheap slight out of focus]]
[2020.07.12-21.21.30:952][  0]LogConfig: Setting CVar [[r.DOF.Recombine.EnableBokehSettings:0    ; no bokeh simulation on slight out of focus]]
[2020.07.12-21.21.30:952][  0]LogConfig: Setting CVar [[r.DOF.TemporalAAQuality:1                ; more stable temporal accumulation]]
[2020.07.12-21.21.30:952][  0]LogConfig: Setting CVar [[r.DOF.Kernel.MaxForegroundRadius:0.025]]
[2020.07.12-21.21.30:952][  0]LogConfig: Setting CVar [[r.DOF.Kernel.MaxBackgroundRadius:0.025]]
[2020.07.12-21.21.30:952][  0]LogConfig: Applying CVar settings from Section [TextureQuality@3] File [C:/GitHub/Colormage/Colormage/Saved/Config/Windows/Scalability.ini]
[2020.07.12-21.21.30:952][  0]LogConfig: Setting CVar [[r.Streaming.MipBias:0]]
[2020.07.12-21.21.30:952][  0]LogConfig: Setting CVar [[r.Streaming.AmortizeCPUToGPUCopy:0]]
[2020.07.12-21.21.30:952][  0]LogConfig: Setting CVar [[r.Streaming.MaxNumTexturesToStreamPerFrame:0]]
[2020.07.12-21.21.30:953][  0]LogConfig: Setting CVar [[r.Streaming.Boost:1]]
[2020.07.12-21.21.30:953][  0]LogConfig: Setting CVar [[r.MaxAnisotropy:8]]
[2020.07.12-21.21.30:953][  0]LogConfig: Setting CVar [[r.VT.MaxAnisotropy:8]]
[2020.07.12-21.21.30:953][  0]LogConfig: Setting CVar [[r.Streaming.LimitPoolSizeToVRAM:0]]
[2020.07.12-21.21.30:953][  0]LogConfig: Setting CVar [[r.Streaming.PoolSize:1000]]
[2020.07.12-21.21.30:953][  0]LogConfig: Setting CVar [[r.Streaming.MaxEffectiveScreenSize:0]]
[2020.07.12-21.21.30:953][  0]LogConfig: Applying CVar settings from Section [EffectsQuality@3] File [C:/GitHub/Colormage/Colormage/Saved/Config/Windows/Scalability.ini]
[2020.07.12-21.21.30:953][  0]LogConfig: Setting CVar [[r.TranslucencyLightingVolumeDim:64]]
[2020.07.12-21.21.30:953][  0]LogConfig: Setting CVar [[r.RefractionQuality:2]]
[2020.07.12-21.21.30:953][  0]LogConfig: Setting CVar [[r.SSR.Quality:3]]
[2020.07.12-21.21.30:953][  0]LogConfig: Setting CVar [[r.SSR.HalfResSceneColor:0]]
[2020.07.12-21.21.30:953][  0]LogConfig: Setting CVar [[r.SceneColorFormat:4]]
[2020.07.12-21.21.30:953][  0]LogConfig: Setting CVar [[r.DetailMode:2]]
[2020.07.12-21.21.30:953][  0]LogConfig: Setting CVar [[r.TranslucencyVolumeBlur:1]]
[2020.07.12-21.21.30:953][  0]LogConfig: Setting CVar [[r.MaterialQualityLevel:1 ; High quality]]
[2020.07.12-21.21.30:953][  0]LogConfig: Setting CVar [[r.SSS.Scale:1]]
[2020.07.12-21.21.30:953][  0]LogConfig: Setting CVar [[r.SSS.SampleSet:2]]
[2020.07.12-21.21.30:953][  0]LogConfig: Setting CVar [[r.SSS.Quality:1]]
[2020.07.12-21.21.30:953][  0]LogConfig: Setting CVar [[r.SSS.HalfRes:0]]
[2020.07.12-21.21.30:953][  0]LogConfig: Setting CVar [[r.SSGI.Quality:3]]
[2020.07.12-21.21.30:953][  0]LogConfig: Setting CVar [[r.EmitterSpawnRateScale:1.0]]
[2020.07.12-21.21.30:953][  0]LogConfig: Setting CVar [[r.ParticleLightQuality:2]]
[2020.07.12-21.21.30:953][  0]LogConfig: Setting CVar [[r.SkyAtmosphere.AerialPerspectiveLUT.FastApplyOnOpaque:1 ; Always have FastSkyLUT 1 in this case to avoid wrong sky]]
[2020.07.12-21.21.30:953][  0]LogConfig: Setting CVar [[r.SkyAtmosphere.AerialPerspectiveLUT.SampleCountPerSlice:1]]
[2020.07.12-21.21.30:953][  0]LogConfig: Setting CVar [[r.SkyAtmosphere.AerialPerspectiveLUT.DepthResolution:16.0]]
[2020.07.12-21.21.30:953][  0]LogConfig: Setting CVar [[r.SkyAtmosphere.FastSkyLUT:1]]
[2020.07.12-21.21.30:953][  0]LogConfig: Setting CVar [[r.SkyAtmosphere.FastSkyLUT.SampleCountMin:4.0]]
[2020.07.12-21.21.30:953][  0]LogConfig: Setting CVar [[r.SkyAtmosphere.FastSkyLUT.SampleCountMax:32.0]]
[2020.07.12-21.21.30:953][  0]LogConfig: Setting CVar [[r.SkyAtmosphere.SampleCountMin:4.0]]
[2020.07.12-21.21.30:953][  0]LogConfig: Setting CVar [[r.SkyAtmosphere.SampleCountMax:32.0]]
[2020.07.12-21.21.30:953][  0]LogConfig: Setting CVar [[r.SkyAtmosphere.TransmittanceLUT.UseSmallFormat:0]]
[2020.07.12-21.21.30:953][  0]LogConfig: Setting CVar [[r.SkyAtmosphere.TransmittanceLUT.SampleCount:10.0]]
[2020.07.12-21.21.30:953][  0]LogConfig: Setting CVar [[r.SkyAtmosphere.MultiScatteringLUT.SampleCount:15.0]]
[2020.07.12-21.21.30:953][  0]LogConfig: Applying CVar settings from Section [FoliageQuality@3] File [C:/GitHub/Colormage/Colormage/Saved/Config/Windows/Scalability.ini]
[2020.07.12-21.21.30:953][  0]LogConfig: Setting CVar [[foliage.DensityScale:1.0]]
[2020.07.12-21.21.30:953][  0]LogConfig: Setting CVar [[grass.DensityScale:1.0]]
[2020.07.12-21.21.30:953][  0]LogConfig: Applying CVar settings from Section [ShadingQuality@3] File [C:/GitHub/Colormage/Colormage/Saved/Config/Windows/Scalability.ini]
[2020.07.12-21.21.30:953][  0]LogConfig: Setting CVar [[r.HairStrands.SkyLighting.SampleCount:16]]
[2020.07.12-21.21.30:953][  0]LogConfig: Setting CVar [[r.HairStrands.SkyLighting.JitterIntegration:0]]
[2020.07.12-21.21.30:953][  0]LogConfig: Setting CVar [[r.HairStrands.SkyAO.SampleCount:16]]
[2020.07.12-21.21.30:953][  0]LogConfig: Setting CVar [[r.HairStrands.DeepShadow.SuperSampling:0]]
[2020.07.12-21.21.30:953][  0]LogConfig: Setting CVar [[r.HairStrands.VisibilityPPLL:0]]
[2020.07.12-21.21.30:953][  0]LogConfig: Setting CVar [[r.HairStrands.RasterizationScale:0.5]]
[2020.07.12-21.21.30:953][  0]LogConfig: Setting CVar [[r.HairStrands.VelocityRasterizationScale:1]]
[2020.07.12-21.21.30:953][  0]LogConfig: Applying CVar settings from Section [Startup] File [../../../Engine/Config/ConsoleVariables.ini]
[2020.07.12-21.21.30:953][  0]LogConfig: Setting CVar [[net.UseAdaptiveNetUpdateFrequency:0]]
[2020.07.12-21.21.30:953][  0]LogConfig: Setting CVar [[p.chaos.AllowCreatePhysxBodies:1]]
[2020.07.12-21.21.30:953][  0]LogConfig: Setting CVar [[fx.SkipVectorVMBackendOptimizations:1]]
[2020.07.12-21.21.30:953][  0]LogConfig: Applying CVar settings from Section [ConsoleVariables] File [C:/GitHub/Colormage/Colormage/Saved/Config/Windows/Engine.ini]
[2020.07.12-21.21.30:954][  0]LogInit: Computer: DESKTOP-16E82H5
[2020.07.12-21.21.30:954][  0]LogInit: User: FranciscoKloganB
[2020.07.12-21.21.30:954][  0]LogInit: CPU Page size=4096, Cores=4
[2020.07.12-21.21.30:954][  0]LogInit: High frequency timer resolution =10.000000 MHz
[2020.07.12-21.21.30:954][  0]LogMemory: Memory total: Physical=16.0GB (16GB approx)
[2020.07.12-21.21.30:954][  0]LogMemory: Platform Memory Stats for Windows
[2020.07.12-21.21.30:954][  0]LogMemory: Process Physical Memory: 114.13 MB used, 114.13 MB peak
[2020.07.12-21.21.30:954][  0]LogMemory: Process Virtual Memory: 99.77 MB used, 99.77 MB peak
[2020.07.12-21.21.30:954][  0]LogMemory: Physical Memory: 5730.54 MB used,  10613.56 MB free, 16344.10 MB total
[2020.07.12-21.21.30:954][  0]LogMemory: Virtual Memory: 5131.79 MB used,  134212600.00 MB free, 134217728.00 MB total
[2020.07.12-21.21.30:958][  0]LogWindows: WindowsPlatformFeatures enabled
[2020.07.12-21.21.30:989][  0]LogInit: Physics initialised using underlying interface: PhysX
[2020.07.12-21.21.30:989][  0]LogInit: Using OS detected language (en-US).
[2020.07.12-21.21.30:989][  0]LogInit: Using OS detected locale (en-US).
[2020.07.12-21.21.30:994][  0]LogTextLocalizationManager: No specific localization for 'en-US' exists, so the 'en' localization will be used.
[2020.07.12-21.21.31:197][  0]LogInit: Setting process to per monitor DPI aware
[2020.07.12-21.21.31:224][  0]LogSlate: New Slate User Created.  User Index 0, Is Virtual User: 0
[2020.07.12-21.21.31:224][  0]LogSlate: Slate User Registered.  User Index 0, Is Virtual User: 0
[2020.07.12-21.21.31:353][  0]LogHMD: Failed to initialize OpenVR with code 110
[2020.07.12-21.21.31:353][  0]LogD3D11RHI: D3D11 min allowed feature level: 11_0
[2020.07.12-21.21.31:353][  0]LogD3D11RHI: D3D11 max allowed feature level: 11_0
[2020.07.12-21.21.31:353][  0]LogD3D11RHI: D3D11 adapters:
[2020.07.12-21.21.31:392][  0]LogD3D11RHI:    0. 'Radeon RX 580 Series' (Feature Level 11_0)
[2020.07.12-21.21.31:392][  0]LogD3D11RHI:       8171/0/8172 MB DedicatedVideo/DedicatedSystem/SharedSystem, Outputs:1, VendorId:0x1002
[2020.07.12-21.21.31:395][  0]LogD3D11RHI:    1. 'Microsoft Basic Render Driver' (Feature Level 11_0)
[2020.07.12-21.21.31:395][  0]LogD3D11RHI:       0/0/8172 MB DedicatedVideo/DedicatedSystem/SharedSystem, Outputs:0, VendorId:0x1414
[2020.07.12-21.21.31:395][  0]LogD3D11RHI: Chosen D3D11 Adapter: 0
[2020.07.12-21.21.31:403][  0]LogD3D11RHI: Creating new Direct3DDevice
[2020.07.12-21.21.31:403][  0]LogD3D11RHI:     GPU DeviceId: 0x67df (for the marketing name, search the web for "GPU Device Id")
[2020.07.12-21.21.31:403][  0]LogWindows: EnumDisplayDevices:
[2020.07.12-21.21.31:403][  0]LogWindows:    0. 'Radeon RX 580 Series' (P:1 D:1)
[2020.07.12-21.21.31:404][  0]LogWindows:    1. 'Radeon RX 580 Series' (P:0 D:0)
[2020.07.12-21.21.31:404][  0]LogWindows:    2. 'Radeon RX 580 Series' (P:0 D:0)
[2020.07.12-21.21.31:404][  0]LogWindows:    3. 'Radeon RX 580 Series' (P:0 D:0)
[2020.07.12-21.21.31:405][  0]LogWindows:    4. 'Radeon RX 580 Series' (P:0 D:0)
[2020.07.12-21.21.31:405][  0]LogWindows:    5. 'Radeon RX 580 Series' (P:0 D:0)
[2020.07.12-21.21.31:406][  0]LogWindows:    6. 'Radeon RX 580 Series' (P:0 D:0)
[2020.07.12-21.21.31:406][  0]LogWindows:    7. 'Radeon RX 580 Series' (P:0 D:0)
[2020.07.12-21.21.31:406][  0]LogWindows: DebugString: FoundDriverCount:8 
[2020.07.12-21.21.31:406][  0]LogD3D11RHI:     Adapter Name: Radeon RX 580 Series
[2020.07.12-21.21.31:406][  0]LogD3D11RHI:   Driver Version: Adrenalin 2020 20.5.1 (internal:27.20.1017.1011, unified:27.20.1017.1011)
[2020.07.12-21.21.31:406][  0]LogD3D11RHI:      Driver Date: 5-25-2020
[2020.07.12-21.21.31:406][  0]LogRHI: Texture pool is 4862 MB (70% of 6946 MB)
[2020.07.12-21.21.31:475][  0]LogD3D11RHI: RHI has support for 64 bit atomics
[2020.07.12-21.21.31:475][  0]LogD3D11RHI: Async texture creation enabled
[2020.07.12-21.21.31:475][  0]LogD3D11RHI: Array index from any shader is supported
[2020.07.12-21.21.31:488][  0]LogD3D11RHI: GPU Timing Frequency: 25.000000 (Debug: 2 1)
[2020.07.12-21.21.31:780][  0]LogTargetPlatformManager: Display: Loaded TargetPlatform 'AllDesktop'
[2020.07.12-21.21.31:804][  0]LogTargetPlatformManager: Display: Loaded TargetPlatform 'Android'
[2020.07.12-21.21.31:804][  0]LogTargetPlatformManager: Display: Loaded TargetPlatform 'Android_ASTC'
[2020.07.12-21.21.31:804][  0]LogTargetPlatformManager: Display: Loaded TargetPlatform 'Android_DXT'
[2020.07.12-21.21.31:804][  0]LogTargetPlatformManager: Display: Loaded TargetPlatform 'Android_ETC2'
[2020.07.12-21.21.31:804][  0]LogTargetPlatformManager: Display: Loaded TargetPlatform 'AndroidClient'
[2020.07.12-21.21.31:804][  0]LogTargetPlatformManager: Display: Loaded TargetPlatform 'Android_ASTCClient'
[2020.07.12-21.21.31:804][  0]LogTargetPlatformManager: Display: Loaded TargetPlatform 'Android_DXTClient'
[2020.07.12-21.21.31:804][  0]LogTargetPlatformManager: Display: Loaded TargetPlatform 'Android_ETC2Client'
[2020.07.12-21.21.31:804][  0]LogTargetPlatformManager: Display: Loaded TargetPlatform 'Android_Multi'
[2020.07.12-21.21.31:804][  0]LogTargetPlatformManager: Display: Loaded TargetPlatform 'Android_MultiClient'
[2020.07.12-21.21.31:826][  0]LogTargetPlatformManager: Display: Loaded TargetPlatform 'IOSClient'
[2020.07.12-21.21.31:826][  0]LogTargetPlatformManager: Display: Loaded TargetPlatform 'IOS'
[2020.07.12-21.21.31:836][  0]LogTargetPlatformManager: Display: Loaded TargetPlatform 'Linux'
[2020.07.12-21.21.31:845][  0]LogTargetPlatformManager: Display: Loaded TargetPlatform 'LinuxNoEditor'
[2020.07.12-21.21.31:854][  0]LogTargetPlatformManager: Display: Loaded TargetPlatform 'LinuxClient'
[2020.07.12-21.21.31:863][  0]LogTargetPlatformManager: Display: Loaded TargetPlatform 'LinuxServer'
[2020.07.12-21.21.31:872][  0]LogTargetPlatformManager: Display: Loaded TargetPlatform 'LinuxAArch64NoEditor'
[2020.07.12-21.21.31:881][  0]LogTargetPlatformManager: Display: Loaded TargetPlatform 'LinuxAArch64Client'
[2020.07.12-21.21.31:890][  0]LogTargetPlatformManager: Display: Loaded TargetPlatform 'LinuxAArch64Server'
[2020.07.12-21.21.31:915][  0]LogTargetPlatformManager: Display: Loaded TargetPlatform 'Lumin'
[2020.07.12-21.21.31:915][  0]LogTargetPlatformManager: Display: Loaded TargetPlatform 'LuminClient'
[2020.07.12-21.21.31:931][  0]LogTargetPlatformManager: Display: Loaded TargetPlatform 'TVOSClient'
[2020.07.12-21.21.31:931][  0]LogTargetPlatformManager: Display: Loaded TargetPlatform 'TVOS'
[2020.07.12-21.21.31:941][  0]LogTargetPlatformManager: Display: Loaded TargetPlatform 'WindowsNoEditor'
[2020.07.12-21.21.31:950][  0]LogTargetPlatformManager: Display: Loaded TargetPlatform 'Windows'
[2020.07.12-21.21.31:959][  0]LogTargetPlatformManager: Display: Loaded TargetPlatform 'WindowsClient'
[2020.07.12-21.21.31:969][  0]LogTargetPlatformManager: Display: Loaded TargetPlatform 'WindowsServer'
[2020.07.12-21.21.31:969][  0]LogTargetPlatformManager: Display: Building Assets For Windows
[2020.07.12-21.21.31:976][  0]LogAudioDebug: Display: Lib vorbis DLL was dynamically loaded.
[2020.07.12-21.21.32:031][  0]LogShaderCompilers: Guid format shader working directory is 13 characters bigger than the processId version (../../../../../../GitHub/Colormage/Colormage/Intermediate/Shaders/WorkingDirectory/5536/).
[2020.07.12-21.21.32:031][  0]LogShaderCompilers: Cleaned the shader compiler working directory 'C:/Users/FranciscoKloganB/AppData/Local/Temp/UnrealShaderWorkingDir/A61431F84916FC544FD9EAA97BFF5E75/'.
[2020.07.12-21.21.32:031][  0]LogXGEController: Cannot use XGE Controller as Incredibuild is not installed on this machine.
[2020.07.12-21.21.32:031][  0]LogShaderCompilers: Cannot use XGE Shader Compiler as Incredibuild is not installed on this machine.
[2020.07.12-21.21.32:031][  0]LogShaderCompilers: Display: Using Local Shader Compiler.
[2020.07.12-21.21.32:797][  0]LogDerivedDataCache: Display: Max Cache Size: 512 MB
[2020.07.12-21.21.32:851][  0]LogDerivedDataCache: Loaded boot cache 0.05s 76MB C:/Users/FranciscoKloganB/AppData/Local/UnrealEngine/4.25/DerivedDataCache/Boot.ddc.
[2020.07.12-21.21.32:851][  0]LogDerivedDataCache: Display: Loaded Boot cache: C:/Users/FranciscoKloganB/AppData/Local/UnrealEngine/4.25/DerivedDataCache/Boot.ddc
[2020.07.12-21.21.32:852][  0]LogDerivedDataCache: FDerivedDataBackendGraph:  Pak pak cache file ../../../../../../GitHub/Colormage/Colormage/DerivedDataCache/DDC.ddp not found, will not use a pak cache.
[2020.07.12-21.21.32:852][  0]LogDerivedDataCache: Unable to find inner node Pak for hierarchical cache Hierarchy.
[2020.07.12-21.21.32:852][  0]LogDerivedDataCache: FDerivedDataBackendGraph:  CompressedPak pak cache file ../../../../../../GitHub/Colormage/Colormage/DerivedDataCache/Compressed.ddp not found, will not use a pak cache.
[2020.07.12-21.21.32:852][  0]LogDerivedDataCache: Unable to find inner node CompressedPak for hierarchical cache Hierarchy.
[2020.07.12-21.21.32:863][  0]LogDerivedDataCache: Display: Pak cache opened for reading ../../../Engine/DerivedDataCache/Compressed.ddp.
[2020.07.12-21.21.32:863][  0]LogDerivedDataCache: FDerivedDataBackendGraph:  EnterprisePak pak cache file ../../../Enterprise/DerivedDataCache/Compressed.ddp not found, will not use a pak cache.
[2020.07.12-21.21.32:863][  0]LogDerivedDataCache: Unable to find inner node EnterprisePak for hierarchical cache Hierarchy.
[2020.07.12-21.21.32:864][  0]LogDerivedDataCache: Using Local data cache path C:/Users/FranciscoKloganB/AppData/Local/UnrealEngine/Common/DerivedDataCache: Writable
[2020.07.12-21.21.32:864][  0]LogDerivedDataCache: Shared data cache path not found in *engine.ini, will not use an Shared cache.
[2020.07.12-21.21.32:864][  0]LogDerivedDataCache: Unable to find inner node Shared for hierarchical cache Hierarchy.
[2020.07.12-21.21.32:916][  0]LogSlate: Using FreeType 2.10.0
[2020.07.12-21.21.32:916][  0]LogSlate: SlateFontServices - WITH_FREETYPE: 1, WITH_HARFBUZZ: 1
[2020.07.12-21.21.32:943][  0]LogAssetRegistry: FAssetRegistry took 0.0032 seconds to start up
[2020.07.12-21.21.33:169][  0]LogInit: Selected Device Profile: [Windows]
[2020.07.12-21.21.33:279][  0]LogMeshReduction: Using QuadricMeshReduction for automatic static mesh reduction
[2020.07.12-21.21.33:279][  0]LogMeshReduction: Using SimplygonMeshReduction for automatic skeletal mesh reduction
[2020.07.12-21.21.33:279][  0]LogMeshReduction: Using ProxyLODMeshReduction for automatic mesh merging
[2020.07.12-21.21.33:279][  0]LogMeshReduction: No distributed automatic mesh merging module available
[2020.07.12-21.21.33:279][  0]LogMeshMerging: No distributed automatic mesh merging module available
[2020.07.12-21.21.33:293][  0]LogNetVersion: Colormage 1.0.0, NetCL: 13144385, EngineNetVer: 14, GameNetVer: 0 (Checksum: 191128465)
[2020.07.12-21.21.33:715][  0]LogAISub: UAISubsystem::UAISubsystem AISubsystem (0000017665F20100), frame # 0
[2020.07.12-21.21.33:715][  0]LogAISub: UAISubsystem::UAISubsystem AIPerceptionSystem (0000017665E5D080), frame # 0
[2020.07.12-21.21.33:716][  0]LogAISub: UAISubsystem::UAISubsystem EnvQueryManager (0000017665EC8A00), frame # 0
[2020.07.12-21.21.33:766][  0]LogPackageLocalizationCache: Processed 19 localized package path(s) for 1 prioritized culture(s) in 0.043694 seconds
[2020.07.12-21.21.33:771][  0]LogUObjectArray: 15917 objects as part of root set at end of initial load.
[2020.07.12-21.21.33:771][  0]LogUObjectAllocator: 3965568 out of 0 bytes used by permanent object pool.
[2020.07.12-21.21.33:771][  0]LogUObjectArray: CloseDisregardForGC: 0/0 objects in disregard for GC pool
[2020.07.12-21.21.34:083][  0]LogTcpMessaging: Initializing TcpMessaging bridge
[2020.07.12-21.21.34:087][  0]LogUdpMessaging: Initializing bridge on interface 0.0.0.0:0 to multicast group 230.0.0.1:6666.
[2020.07.12-21.21.34:311][  0]SourceControl: Source control is disabled
[2020.07.12-21.21.34:311][  0]SourceControl: Source control is disabled
[2020.07.12-21.21.34:314][  0]SourceControl: Source control is disabled
[2020.07.12-21.21.34:317][  0]SourceControl: Source control is disabled
[2020.07.12-21.21.35:279][  0]SourceControl: Source control is disabled
[2020.07.12-21.21.35:502][  0]LogAndroidPermission: UAndroidPermissionCallbackProxy::GetInstance
[2020.07.12-21.21.35:518][  0]LogAudioCaptureCore: Display: No Audio Capture implementations found. Audio input will be silent.
[2020.07.12-21.21.35:519][  0]LogAudioCaptureCore: Display: No Audio Capture implementations found. Audio input will be silent.
[2020.07.12-21.21.35:565][  0]LogOcInput: OculusInput pre-init called
[2020.07.12-21.21.35:575][  0]LogWindows: Failed to load 'OVRPlugin.dll' (GetLastError=126)
[2020.07.12-21.21.35:575][  0]LogWindows: File 'OVRPlugin.dll' does not exist
[2020.07.12-21.21.35:636][  0]LogEngine: Initializing Engine...
[2020.07.12-21.21.35:637][  0]LogHMD: Failed to initialize OpenVR with code 110
[2020.07.12-21.21.35:637][  0]LogMagicLeap: Warning: VR disabled because ZI is not enabled.  To enable, in the editor, Edit -> Project Settings -> Plugins -> Magic Leap Plugin -> Enable Zero Iteration
[2020.07.12-21.21.35:638][  0]LogStats: UGameplayTagsManager::InitializeManager -  0.000 s
[2020.07.12-21.21.35:768][  0]LogInit: Initializing FReadOnlyCVARCache
[2020.07.12-21.21.35:775][  0]LogAIModule: Creating AISystem for world Untitled
[2020.07.12-21.21.35:775][  0]LogAISub: UAISubsystem::UAISubsystem EnvQueryManager (0000017669FB9C00), frame # 0
[2020.07.12-21.21.35:775][  0]LogAISub: UAISubsystem::UAISubsystem AIPerceptionSystem (0000017669FF1940), frame # 0
[2020.07.12-21.21.35:796][  0]LogAudioMixer: Display: Audio Mixer Platform Settings:
[2020.07.12-21.21.35:796][  0]LogAudioMixer: Display: 	Sample Rate:						  48000
[2020.07.12-21.21.35:796][  0]LogAudioMixer: Display: 	Callback Buffer Frame Size Requested: 1024
[2020.07.12-21.21.35:796][  0]LogAudioMixer: Display: 	Callback Buffer Frame Size To Use:	  1024
[2020.07.12-21.21.35:796][  0]LogAudioMixer: Display: 	Number of buffers to queue:			  2
[2020.07.12-21.21.35:796][  0]LogAudioMixer: Display: 	Max Channels (voices):				  32
[2020.07.12-21.21.35:796][  0]LogAudioMixer: Display: 	Number of Async Source Workers:		  0
[2020.07.12-21.21.35:796][  0]LogAudio: Display: AudioDevice MaxSources: 32
[2020.07.12-21.21.35:796][  0]LogAudio: Display: Using built-in audio occlusion.
[2020.07.12-21.21.35:796][  0]LogAudioMixer: Display: Initializing audio mixer.
[2020.07.12-21.21.35:819][  0]LogAudioMixer: Display: 0: FrontLeft
[2020.07.12-21.21.35:819][  0]LogAudioMixer: Display: 1: FrontRight
[2020.07.12-21.21.35:906][  0]LogAudioMixer: Display: Using Audio Device Realtek Digital Output (2- Realtek High Definition Audio)
[2020.07.12-21.21.35:907][  0]LogAudioMixer: Display: Initializing Sound Submixes...
[2020.07.12-21.21.35:909][  0]LogAudioMixer: Display: Creating Master Submix 'MasterSubmixDefault'
[2020.07.12-21.21.35:910][  0]LogAudioMixer: Display: Creating Master Submix 'MasterReverbSubmixDefault'
[2020.07.12-21.21.35:911][  0]LogAudioMixer: Display: Creating Master Submix 'MasterEQSubmixDefault'
[2020.07.12-21.21.35:911][  0]LogInit: FAudioDevice initialized.
[2020.07.12-21.21.35:912][  0]LogNetVersion: Set ProjectVersion to 1.0.0.0. Version Checksum will be recalculated on next use.
[2020.07.12-21.21.35:981][  0]LogDerivedDataCache: Saved boot cache 0.07s 76MB C:/Users/FranciscoKloganB/AppData/Local/UnrealEngine/4.25/DerivedDataCache/Boot.ddc.
[2020.07.12-21.21.35:987][  0]LogInit: Texture streaming: Enabled
[2020.07.12-21.21.36:002][  0]LogEngineSessionManager: EngineSessionManager initialized
[2020.07.12-21.21.36:002][  0]LogEditorSessionSummary: Verbose: Initializing EditorSessionSummaryWriter for editor session tracking
[2020.07.12-21.21.36:004][  0]LogEditorSessionSummary: EditorSessionSummaryWriter initialized
[2020.07.12-21.21.36:058][  0]LogInit: Transaction tracking system initialized
[2020.07.12-21.21.36:078][  0]BlueprintLog: New page: Editor Load
[2020.07.12-21.21.36:142][  0]LocalizationService: Localization service is disabled
[2020.07.12-21.21.36:291][  0]LogCook: Display: Max memory allowance for cook 16384mb min free memory 0mb
[2020.07.12-21.21.36:291][  0]LogCook: Display: Mobile HDR setting 0
[2020.07.12-21.21.36:405][  0]LogFileCache: Scanning file cache for directory 'C:/GitHub/Colormage/Colormage/Content/' took 0.02s
[2020.07.12-21.21.36:611][  0]SourceControl: Source control is disabled
[2020.07.12-21.21.36:611][  0]LogUnrealEdMisc: Loading editor; pre map load, took 8.413
[2020.07.12-21.21.36:611][  0]Cmd: MAP LOAD FILE="../../../../../../GitHub/Colormage/Colormage/Content/Levels/First/Level1.umap" TEMPLATE=0 SHOWPROGRESS=1 FEATURELEVEL=3
[2020.07.12-21.21.36:612][  0]LightingResults: New page: Lighting Build
[2020.07.12-21.21.36:612][  0]LogWorld: UWorld::CleanupWorld for Untitled, bSessionEnded=true, bCleanupResources=true
[2020.07.12-21.21.36:612][  0]LogSlate: InvalidateAllWidgets triggered.  All widgets were invalidated
[2020.07.12-21.21.36:613][  0]MapCheck: New page: Map Check
[2020.07.12-21.21.36:613][  0]LightingResults: New page: Lighting Build
[2020.07.12-21.21.36:620][  0]LogAISub: UAISubsystem::~UAISubsystem EnvQueryManager (0000017669FB9C00), frame # 0
[2020.07.12-21.21.36:620][  0]LogAISub: UAISubsystem::~UAISubsystem AIPerceptionSystem (0000017669FF1940), frame # 0
[2020.07.12-21.21.36:621][  0]LogUObjectHash: Compacting FUObjectHashTables data took   0.62ms
[2020.07.12-21.21.41:177][  0]LogAIModule: Creating AISystem for world Level1
[2020.07.12-21.21.41:177][  0]LogAISub: UAISubsystem::UAISubsystem EnvQueryManager (0000017661B93E00), frame # 0
[2020.07.12-21.21.41:177][  0]LogAISub: UAISubsystem::UAISubsystem AIPerceptionSystem (0000017661C14680), frame # 0
[2020.07.12-21.21.41:431][  0]LogEditorServer: Finished looking for orphan Actors (0.000 secs)
[2020.07.12-21.21.41:743][  0]LogUObjectHash: Compacting FUObjectHashTables data took   1.25ms
[2020.07.12-21.21.41:745][  0]Cmd: MAP CHECKDEP NOCLEARLOG
[2020.07.12-21.21.41:745][  0]MapCheck: Map check complete: 0 Error(s), 0 Warning(s), took 0.23ms to complete.
[2020.07.12-21.21.41:745][  0]LogFileHelpers: Loading map 'Level1' took 5.133
[2020.07.12-21.21.41:747][  0]LogUnrealEdMisc: Total Editor Startup Time, took 13.548
[2020.07.12-21.21.41:912][  0]LogSlate: Updating window title bar state: overlay mode, drag disabled, window buttons hidden, title bar hidden
[2020.07.12-21.21.41:920][  0]LogSlate: Updating window title bar state: overlay mode, drag disabled, window buttons hidden, title bar hidden
[2020.07.12-21.21.41:928][  0]LogSlate: Updating window title bar state: overlay mode, drag disabled, window buttons hidden, title bar hidden
[2020.07.12-21.21.41:935][  0]LogSlate: Updating window title bar state: overlay mode, drag disabled, window buttons hidden, title bar hidden
[2020.07.12-21.21.41:954][  0]LogCollectionManager: Loaded 0 collections in 0.001954 seconds
[2020.07.12-21.21.42:002][  0]LogFileCache: Scanning file cache for directory 'C:/GitHub/Colormage/Colormage/Saved/Collections/' took 0.00s
[2020.07.12-21.21.42:002][  0]LogFileCache: Scanning file cache for directory 'C:/GitHub/Colormage/Colormage/Content/Developers/FranciscoKloganB/Collections/' took 0.00s
[2020.07.12-21.21.42:002][  0]LogFileCache: Scanning file cache for directory 'C:/GitHub/Colormage/Colormage/Content/Collections/' took 0.00s
[2020.07.12-21.21.42:002][  0]LogContentBrowser: Native class hierarchy populated in 0.0114 seconds. Added 3427 classes and 821 folders.
[2020.07.12-21.21.42:016][  0]LogContentBrowser: Native class hierarchy updated for 'WidgetCarousel' in 0.0007 seconds. Added 0 classes and 0 folders.
[2020.07.12-21.21.42:477][  0]LogContentBrowser: Native class hierarchy updated for 'AddContentDialog' in 0.0008 seconds. Added 0 classes and 0 folders.
[2020.07.12-21.21.42:486][  0]LogContentBrowser: Native class hierarchy updated for 'SceneOutliner' in 0.0010 seconds. Added 2 classes and 0 folders.
[2020.07.12-21.21.42:583][  0]LogSlate: Took 0.000175 seconds to synchronously load lazily loaded font '../../../Engine/Content/Slate/Fonts/Roboto-Regular.ttf' (155K)
[2020.07.12-21.21.42:587][  0]LogSlate: Took 0.000151 seconds to synchronously load lazily loaded font '../../../Engine/Content/Slate/Fonts/Roboto-Bold.ttf' (160K)
[2020.07.12-21.21.42:598][  0]LogSlate: Took 0.007896 seconds to synchronously load lazily loaded font '../../../Engine/Content/Editor/Slate/Fonts/FontAwesome.ttf' (139K)
[2020.07.12-21.21.42:728][  0]LogRenderer: Reallocating scene render targets to support 1916x628 Format 10 NumSamples 1 (Frame:1).
[2020.07.12-21.21.42:890][  0]LogContentBrowser: Native class hierarchy updated for 'HierarchicalLODOutliner' in 0.0012 seconds. Added 0 classes and 0 folders.
[2020.07.12-21.21.42:890][  0]LogLoad: (Engine Initialization) Total time: 14.69 seconds
[2020.07.12-21.21.42:890][  0]LogLoad: (Engine Initialization) Total Blueprint compile time: 0.00 seconds
[2020.07.12-21.21.42:942][  0]LogAssetRegistry: Asset discovery search completed in 10.0005 seconds
[2020.07.12-21.21.42:946][  0]LogCollectionManager: Fixed up redirectors for 0 collections in 0.000003 seconds (updated 0 objects)
[2020.07.12-21.21.42:947][  0]LogContentStreaming: Texture pool size now 1000 MB
[2020.07.12-21.21.42:987][  0]LogSlate: Took 0.006743 seconds to synchronously load lazily loaded font '../../../Engine/Content/Slate/Fonts/Roboto-Light.ttf' (167K)
[2020.07.12-21.37.49:907][992]LogEditorViewport: Clicking on Actor (LMB): PaperSpriteActor (game_background_3_1_Sprite)
[2020.07.12-21.38.19:006][372]LogTemp: Repeating last play command: Selected Viewport
[2020.07.12-21.38.19:040][372]LogPlayLevel: PlayLevel: No blueprints needed recompiling
[2020.07.12-21.38.19:046][372]PIE: New page: PIE session: Level1 (Jul 12, 2020, 11:38:19 PM)
[2020.07.12-21.38.19:047][372]LogOnline: OSS: Creating online subsystem instance for: NULL
[2020.07.12-21.38.19:049][372]LogOnline: OSS: TryLoadSubsystemAndSetDefault: Loaded subsystem for module [NULL]
[2020.07.12-21.38.19:049][372]LogPlayLevel: Creating play world package: /Game/Levels/First/UEDPIE_0_Level1
[2020.07.12-21.38.19:085][372]LogPlayLevel: PIE: StaticDuplicateObject took: (0.034707s)
[2020.07.12-21.38.19:086][372]LogAIModule: Creating AISystem for world Level1
[2020.07.12-21.38.19:086][372]LogAISub: UAISubsystem::UAISubsystem EnvQueryManager (00000176B01AFE00), frame # 119372
[2020.07.12-21.38.19:086][372]LogAISub: UAISubsystem::UAISubsystem AIPerceptionSystem (000001765BB84680), frame # 119372
[2020.07.12-21.38.19:086][372]LogPlayLevel: PIE: World Init took: (0.001589s)
[2020.07.12-21.38.19:086][372]LogPlayLevel: PIE: Created PIE world by copying editor world from /Game/Levels/First/Level1.Level1 to /Game/Levels/First/UEDPIE_0_Level1.Level1 (0.036523s)
[2020.07.12-21.38.19:096][372]LogUObjectHash: Compacting FUObjectHashTables data took   0.81ms
[2020.07.12-21.38.19:100][372]LogAudioMixer: Display: Audio Mixer Platform Settings:
[2020.07.12-21.38.19:100][372]LogAudioMixer: Display: 	Sample Rate:						  48000
[2020.07.12-21.38.19:100][372]LogAudioMixer: Display: 	Callback Buffer Frame Size Requested: 1024
[2020.07.12-21.38.19:100][372]LogAudioMixer: Display: 	Callback Buffer Frame Size To Use:	  1024
[2020.07.12-21.38.19:100][372]LogAudioMixer: Display: 	Number of buffers to queue:			  2
[2020.07.12-21.38.19:100][372]LogAudioMixer: Display: 	Max Channels (voices):				  32
[2020.07.12-21.38.19:100][372]LogAudioMixer: Display: 	Number of Async Source Workers:		  0
[2020.07.12-21.38.19:100][372]LogAudio: Display: AudioDevice MaxSources: 32
[2020.07.12-21.38.19:101][372]LogAudio: Display: Using built-in audio occlusion.
[2020.07.12-21.38.19:101][372]LogAudioMixer: Display: Initializing audio mixer.
[2020.07.12-21.38.19:113][372]LogAudioMixer: Display: 0: FrontLeft
[2020.07.12-21.38.19:113][372]LogAudioMixer: Display: 1: FrontRight
[2020.07.12-21.38.19:146][372]LogAudioMixer: Display: Using Audio Device Realtek Digital Output (2- Realtek High Definition Audio)
[2020.07.12-21.38.19:146][372]LogAudioMixer: Display: Initializing Sound Submixes...
[2020.07.12-21.38.19:146][372]LogAudioMixer: Display: Creating Master Submix 'MasterSubmixDefault'
[2020.07.12-21.38.19:146][372]LogAudioMixer: Display: Creating Master Submix 'MasterReverbSubmixDefault'
[2020.07.12-21.38.19:147][372]LogAudioMixer: Display: Creating Master Submix 'MasterEQSubmixDefault'
[2020.07.12-21.38.19:161][372]LogInit: FAudioDevice initialized.
[2020.07.12-21.38.19:179][372]LogLoad: Game class is '2DSideScrollerGameMode_C'
[2020.07.12-21.38.19:200][372]LogWorld: Bringing World /Game/Levels/First/UEDPIE_0_Level1.Level1 up for play (max tick rate 0) at 2020.07.12-22.38.19
[2020.07.12-21.38.19:204][372]LogWorld: Bringing up level for play took: 0.023940
[2020.07.12-21.38.19:205][372]LogOnline: OSS: Creating online subsystem instance for: :Context_2
[2020.07.12-21.38.19:212][372]LogContentBrowser: Native class hierarchy updated for 'MovieSceneCapture' in 0.0009 seconds. Added 20 classes and 0 folders.
[2020.07.12-21.38.19:227][372]PIE: Server logged in
[2020.07.12-21.38.19:229][372]PIE: Play in editor total start time 0.189 seconds.
[2020.07.12-21.38.41:817][ 64]LogSlate: Updating window title bar state: overlay mode, drag disabled, window buttons hidden, title bar hidden
[2020.07.12-21.38.41:817][ 64]LogWorld: BeginTearingDown for /Game/Levels/First/UEDPIE_0_Level1
[2020.07.12-21.38.41:818][ 64]LogWorld: UWorld::CleanupWorld for Level1, bSessionEnded=true, bCleanupResources=true
[2020.07.12-21.38.41:821][ 64]LogSlate: InvalidateAllWidgets triggered.  All widgets were invalidated
[2020.07.12-21.38.41:826][ 64]LogPlayLevel: Display: Shutting down PIE online subsystems
[2020.07.12-21.38.41:828][ 64]LogSlate: InvalidateAllWidgets triggered.  All widgets were invalidated
[2020.07.12-21.38.41:860][ 64]LogSlate: Updating window title bar state: overlay mode, drag disabled, window buttons hidden, title bar hidden
[2020.07.12-21.38.41:861][ 64]LogAISub: UAISubsystem::~UAISubsystem AIPerceptionSystem (000001765BB84680), frame # 122064
[2020.07.12-21.38.41:861][ 64]LogAISub: UAISubsystem::~UAISubsystem EnvQueryManager (00000176B01AFE00), frame # 122064
[2020.07.12-21.38.41:863][ 64]LogUObjectHash: Compacting FUObjectHashTables data took   0.91ms
[2020.07.12-21.38.41:906][ 65]LogPlayLevel: Display: Destroying online subsystem :Context_2
[2020.07.12-21.38.44:196][319]LogEditorViewport: Clicking on Actor (LMB): PaperSpriteActor (game_background_3__2_Sprite)
[2020.07.12-21.38.59:149][ 94]LogTemp: Repeating last play command: Selected Viewport
[2020.07.12-21.38.59:167][ 94]LogPlayLevel: PlayLevel: No blueprints needed recompiling
[2020.07.12-21.38.59:167][ 94]PIE: New page: PIE session: Level1 (Jul 12, 2020, 11:38:59 PM)
[2020.07.12-21.38.59:167][ 94]LogPlayLevel: Creating play world package: /Game/Levels/First/UEDPIE_0_Level1
[2020.07.12-21.38.59:202][ 94]LogPlayLevel: PIE: StaticDuplicateObject took: (0.034580s)
[2020.07.12-21.38.59:203][ 94]LogAIModule: Creating AISystem for world Level1
[2020.07.12-21.38.59:203][ 94]LogAISub: UAISubsystem::UAISubsystem EnvQueryManager (00000176AF8AA600), frame # 124094
[2020.07.12-21.38.59:203][ 94]LogAISub: UAISubsystem::UAISubsystem AIPerceptionSystem (0000017691CE1580), frame # 124094
[2020.07.12-21.38.59:203][ 94]LogPlayLevel: PIE: World Init took: (0.001008s)
[2020.07.12-21.38.59:203][ 94]LogPlayLevel: PIE: Created PIE world by copying editor world from /Game/Levels/First/Level1.Level1 to /Game/Levels/First/UEDPIE_0_Level1.Level1 (0.035718s)
[2020.07.12-21.38.59:212][ 94]LogUObjectHash: Compacting FUObjectHashTables data took   0.72ms
[2020.07.12-21.38.59:214][ 94]LogAudioMixer: Display: Audio Mixer Platform Settings:
[2020.07.12-21.38.59:214][ 94]LogAudioMixer: Display: 	Sample Rate:						  48000
[2020.07.12-21.38.59:215][ 94]LogAudioMixer: Display: 	Callback Buffer Frame Size Requested: 1024
[2020.07.12-21.38.59:215][ 94]LogAudioMixer: Display: 	Callback Buffer Frame Size To Use:	  1024
[2020.07.12-21.38.59:215][ 94]LogAudioMixer: Display: 	Number of buffers to queue:			  2
[2020.07.12-21.38.59:215][ 94]LogAudioMixer: Display: 	Max Channels (voices):				  32
[2020.07.12-21.38.59:215][ 94]LogAudioMixer: Display: 	Number of Async Source Workers:		  0
[2020.07.12-21.38.59:215][ 94]LogAudio: Display: AudioDevice MaxSources: 32
[2020.07.12-21.38.59:215][ 94]LogAudio: Display: Using built-in audio occlusion.
[2020.07.12-21.38.59:215][ 94]LogAudioMixer: Display: Initializing audio mixer.
[2020.07.12-21.38.59:226][ 94]LogAudioMixer: Display: 0: FrontLeft
[2020.07.12-21.38.59:226][ 94]LogAudioMixer: Display: 1: FrontRight
[2020.07.12-21.38.59:258][ 94]LogAudioMixer: Display: Using Audio Device Realtek Digital Output (2- Realtek High Definition Audio)
[2020.07.12-21.38.59:258][ 94]LogAudioMixer: Display: Initializing Sound Submixes...
[2020.07.12-21.38.59:258][ 94]LogAudioMixer: Display: Creating Master Submix 'MasterSubmixDefault'
[2020.07.12-21.38.59:258][ 94]LogAudioMixer: Display: Creating Master Submix 'MasterReverbSubmixDefault'
[2020.07.12-21.38.59:258][ 94]LogAudioMixer: Display: Creating Master Submix 'MasterEQSubmixDefault'
[2020.07.12-21.38.59:273][ 94]LogInit: FAudioDevice initialized.
[2020.07.12-21.38.59:280][ 94]LogLoad: Game class is '2DSideScrollerGameMode_C'
[2020.07.12-21.38.59:299][ 94]LogWorld: Bringing World /Game/Levels/First/UEDPIE_0_Level1.Level1 up for play (max tick rate 0) at 2020.07.12-22.38.59
[2020.07.12-21.38.59:300][ 94]LogWorld: Bringing up level for play took: 0.019097
[2020.07.12-21.38.59:300][ 94]LogOnline: OSS: Creating online subsystem instance for: :Context_3
[2020.07.12-21.38.59:307][ 94]PIE: Server logged in
[2020.07.12-21.38.59:308][ 94]PIE: Play in editor total start time 0.141 seconds.
[2020.07.12-21.39.03:346][569]LogSlate: Updating window title bar state: overlay mode, drag disabled, window buttons hidden, title bar hidden
[2020.07.12-21.39.03:346][569]LogWorld: BeginTearingDown for /Game/Levels/First/UEDPIE_0_Level1
[2020.07.12-21.39.03:347][569]LogWorld: UWorld::CleanupWorld for Level1, bSessionEnded=true, bCleanupResources=true
[2020.07.12-21.39.03:349][569]LogSlate: InvalidateAllWidgets triggered.  All widgets were invalidated
[2020.07.12-21.39.03:360][569]LogPlayLevel: Display: Shutting down PIE online subsystems
[2020.07.12-21.39.03:362][569]LogSlate: InvalidateAllWidgets triggered.  All widgets were invalidated
[2020.07.12-21.39.03:373][569]LogSlate: Updating window title bar state: overlay mode, drag disabled, window buttons hidden, title bar hidden
[2020.07.12-21.39.03:393][569]LogAISub: UAISubsystem::~UAISubsystem AIPerceptionSystem (0000017691CE1580), frame # 124569
[2020.07.12-21.39.03:393][569]LogAISub: UAISubsystem::~UAISubsystem EnvQueryManager (00000176AF8AA600), frame # 124569
[2020.07.12-21.39.03:395][569]LogUObjectHash: Compacting FUObjectHashTables data took   0.78ms
[2020.07.12-21.39.03:416][570]LogPlayLevel: Display: Destroying online subsystem :Context_3
[2020.07.12-21.39.07:419][ 37]LogSlate: Took 0.000170 seconds to synchronously load lazily loaded font '../../../Engine/Content/Slate/Fonts/Roboto-Light.ttf' (167K)
[2020.07.12-21.39.07:459][ 37]Cmd: OBJ SAVEPACKAGE PACKAGE="/Game/Levels/First/Level1" FILE="../../../../../../GitHub/Colormage/Colormage/Content/Levels/First/Level1.umap" SILENT=true AUTOSAVING=false KEEPDIRTY=false
[2020.07.12-21.39.07:471][ 37]LogUObjectHash: Compacting FUObjectHashTables data took   0.65ms
[2020.07.12-21.39.07:734][ 37]LogSavePackage: Moving '../../../../../../GitHub/Colormage/Colormage/Saved/Level1DD43362D4D47C65E36EB129453ED3CC9.tmp' to '../../../../../../GitHub/Colormage/Colormage/Content/Levels/First/Level1.umap'
[2020.07.12-21.39.07:790][ 37]AssetCheck: New page: Asset Save: Level1
[2020.07.12-21.39.07:790][ 37]LogContentValidation: Display: Validating World /Game/Levels/First/Level1.Level1
[2020.07.12-21.39.10:741][374]LogEditorViewport: Clicking on Actor (LMB): PaperSpriteActor (game_background_3__2_Sprite)
[2020.07.12-21.39.11:462][452]LogEditorViewport: Clicking on Actor (LMB): PaperSpriteActor (game_background_3_1_Sprite)
[2020.07.12-21.39.29:286][516]Cmd: TRANSACTION UNDO
[2020.07.12-21.39.29:286][516]LogEditorTransaction: Undo Set Scale
[2020.07.12-21.39.37:859][409]LogEditorViewport: Clicking Background
[2020.07.12-21.39.38:571][488]Cmd: OBJ SAVEPACKAGE PACKAGE="/Game/Levels/First/Level1" FILE="../../../../../../GitHub/Colormage/Colormage/Content/Levels/First/Level1.umap" SILENT=true AUTOSAVING=false KEEPDIRTY=false
[2020.07.12-21.39.38:581][488]LogUObjectHash: Compacting FUObjectHashTables data took   0.26ms
[2020.07.12-21.39.38:795][488]LogSavePackage: Moving '../../../../../../GitHub/Colormage/Colormage/Saved/Level1343FA826441480DD843D3EB9F8D7D018.tmp' to '../../../../../../GitHub/Colormage/Colormage/Content/Levels/First/Level1.umap'
[2020.07.12-21.39.38:843][488]AssetCheck: New page: Asset Save: Level1
[2020.07.12-21.39.38:843][488]LogContentValidation: Display: Validating World /Game/Levels/First/Level1.Level1
[2020.07.12-21.39.39:319][544]LogEditorViewport: Clicking on Actor (LMB): PaperSpriteActor (game_background_3_1_Sprite)
[2020.07.12-21.39.40:337][657]LogEditorViewport: Clicking on Actor (LMB): PaperSpriteActor (game_background_3_1_Sprite)
[2020.07.12-21.39.41:410][777]LogEditorViewport: Clicking on Actor (LMB): PaperSpriteActor (game_background_3_1_Sprite)
[2020.07.12-21.39.45:994][316]LogEditorViewport: Clicking on Actor (LMB): PaperSpriteActor (game_background_3_1_Sprite)
[2020.07.12-21.39.46:371][356]LogEditorViewport: Clicking on Actor (LMB): PaperSpriteActor (game_background_3_1_Sprite)
[2020.07.12-21.40.07:951][695]LogSlate: Window 'Delta Transform' being destroyed
[2020.07.12-21.40.08:557][766]Cmd: TRANSACTION UNDO
[2020.07.12-21.40.08:557][766]LogEditorTransaction: Undo Clicking on Actors
[2020.07.12-21.40.12:257][178]LogEditorViewport: Clicking on Actor (LMB): PaperSpriteActor (game_background_3_1_Sprite)
[2020.07.12-21.40.50:938][743]Cmd: TRANSACTION UNDO
[2020.07.12-21.40.50:938][743]LogEditorTransaction: Undo Snap Origin to Grid
[2020.07.12-21.41.11:943][393]LogSlate: Window 'Delta Transform' being destroyed
[2020.07.12-21.41.11:947][393]Cmd: ACTOR DELTAMOVE X=1024.00000 Y=0.00000 Z=0.00000
[2020.07.12-21.41.15:258][782]Cmd: TRANSACTION UNDO
[2020.07.12-21.41.15:258][782]LogEditorTransaction: Undo Move Actors by Delta
[2020.07.12-21.42.03:057][310]LogEditorViewport: Clicking on Actor (LMB): PaperSpriteActor (game_background_3__2_Sprite)
[2020.07.12-21.42.03:788][390]LogEditorViewport: Clicking on Actor (LMB): PaperSpriteActor (game_background_3__2_Sprite)
[2020.07.12-21.42.09:313][964]LogEditorViewport: Clicking on Actor (LMB): PaperSpriteActor (game_background_3_1_Sprite2)
[2020.07.12-21.42.15:363][611]LogEditorViewport: Clicking on Actor (LMB): PaperSpriteActor (game_background_3__2_Sprite2)
[2020.07.12-21.42.16:598][749]LogEditorViewport: Clicking on Actor (LMB): PaperSpriteActor (game_background_3__2_Sprite)
[2020.07.12-21.42.17:552][855]LogEditorViewport: Clicking on Actor (LMB): NavMeshBoundsVolume (NavMeshBoundsVolume)
[2020.07.12-21.42.18:114][911]LogEditorViewport: Clicking on Actor (LMB): PaperSpriteActor (game_background_3_1_Sprite)
[2020.07.12-21.42.20:868][231]LogEditorViewport: Clicking Background
[2020.07.12-21.42.21:414][292]LogEditorViewport: Clicking on Actor (LMB): PaperSpriteActor (game_background_3__2_Sprite)
[2020.07.12-21.42.23:492][532]LogEditorViewport: Clicking Background
[2020.07.12-21.42.23:888][575]LogEditorViewport: Clicking on Actor (LMB): PaperSpriteActor (game_background_3__2_Sprite2)
[2020.07.12-21.42.33:099][644]Cmd: DELETE
[2020.07.12-21.42.33:099][644]Cmd: ACTOR DELETE
[2020.07.12-21.42.33:128][644]LogEditorActor: Deleted Actor: PaperSpriteActor
[2020.07.12-21.42.33:128][644]LogEditorActor: Deleted Actor: PaperSpriteActor
[2020.07.12-21.42.33:128][644]LogEditorActor: Deleted Actor: PaperSpriteActor
[2020.07.12-21.42.33:128][644]LogEditorActor: Deleted Actor: PaperSpriteActor
[2020.07.12-21.42.33:139][644]LogUObjectHash: Compacting FUObjectHashTables data took   0.69ms
[2020.07.12-21.42.33:142][644]LogEditorActor: Deleted 4 Actors (0.027 secs)
[2020.07.12-21.42.34:052][737]Cmd: DELETE
[2020.07.12-21.42.34:052][737]Cmd: ACTOR DELETE
[2020.07.12-21.42.34:063][737]LogEditorActor: Deleted Actor: PaperSpriteActor
[2020.07.12-21.42.34:073][737]LogUObjectHash: Compacting FUObjectHashTables data took   0.26ms
[2020.07.12-21.42.34:074][737]LogEditorActor: Deleted 1 Actors (0.022 secs)
[2020.07.12-21.42.41:695][544]LogEditorViewport: Clicking on Actor (LMB): PaperSpriteActor (game_background_3_1_Sprite)
[2020.07.12-21.42.53:074][885]LogEditorViewport: Clicking on Actor (LMB): PaperSpriteActor (game_background_3_1_Sprite2)
[2020.07.12-21.42.55:898][212]Cmd: TRANSACTION UNDO
[2020.07.12-21.42.55:898][212]LogEditorTransaction: Undo Clicking on Actors
[2020.07.12-21.42.56:373][241]Cmd: TRANSACTION UNDO
[2020.07.12-21.42.56:373][241]LogEditorTransaction: Undo Clicking on Actors
[2020.07.12-21.42.56:783][287]Cmd: TRANSACTION UNDO
[2020.07.12-21.42.56:783][287]LogEditorTransaction: Undo Delete Actors
[2020.07.12-21.42.59:194][555]Cmd: DELETE
[2020.07.12-21.42.59:194][555]Cmd: ACTOR DELETE
[2020.07.12-21.42.59:203][555]LogEditorActor: Deleted Actor: PaperSpriteActor
[2020.07.12-21.42.59:212][555]LogUObjectHash: Compacting FUObjectHashTables data took   0.31ms
[2020.07.12-21.42.59:214][555]LogEditorActor: Deleted 1 Actors (0.020 secs)
[2020.07.12-21.43.02:972][998]LogEditorViewport: Clicking on Actor (LMB): PaperSpriteActor (game_background_3_1_Sprite)
[2020.07.12-21.43.20:919][221]LogEditorViewport: Clicking on Actor (LMB): PaperSpriteActor (game_background_3__2_Sprite3)
[2020.07.12-21.43.31:252][440]LogEditorViewport: Clicking on Actor (LMB): PaperSpriteActor (game_background_3_1_Sprite)
[2020.07.12-21.43.48:509][300]LogEditorViewport: Clicking on Actor (LMB): PaperSpriteActor (game_background_3_1_Sprite2)
[2020.07.12-21.43.49:114][366]LogEditorViewport: Clicking on Actor (LMB): PaperSpriteActor (game_background_3_1_Sprite2)
[2020.07.12-21.43.56:458][458]LogEditorViewport: Clicking on Actor (LMB): PaperSpriteActor (game_background_3_1_Sprite2)
[2020.07.12-21.44.00:750][963]LogEditorViewport: Clicking on Actor (LMB): PaperSpriteActor (game_background_3__2_Sprite4)
[2020.07.12-21.44.08:878][219]LogEditorViewport: Clicking on Actor (LMB): PaperSpriteActor (game_background_3__2_Sprite4)
[2020.07.12-21.44.17:617][132]LogEditorViewport: Clicking on Actor (LMB): PaperSpriteActor (game_background_3_1_Sprite2)
[2020.07.12-21.44.23:498][734]LogEditorViewport: Clicking on Actor (LMB): PaperSpriteActor (game_background_3_1_Sprite)
[2020.07.12-21.44.42:835][936]LogEditorViewport: Clicking on Actor (LMB): PaperSpriteActor (game_background_3_1_Sprite2)
[2020.07.12-21.44.43:326][985]Cmd: OBJ SAVEPACKAGE PACKAGE="/Game/Levels/First/Level1" FILE="../../../../../../GitHub/Colormage/Colormage/Content/Levels/First/Level1.umap" SILENT=true AUTOSAVING=false KEEPDIRTY=false
[2020.07.12-21.44.43:336][985]LogUObjectHash: Compacting FUObjectHashTables data took   0.80ms
[2020.07.12-21.44.43:564][985]LogSavePackage: Moving '../../../../../../GitHub/Colormage/Colormage/Saved/Level181611CC3440DF1F55DEBD190D192BFFB.tmp' to '../../../../../../GitHub/Colormage/Colormage/Content/Levels/First/Level1.umap'
[2020.07.12-21.44.43:613][985]AssetCheck: New page: Asset Save: Level1
[2020.07.12-21.44.43:613][985]LogContentValidation: Display: Validating World /Game/Levels/First/Level1.Level1
[2020.07.12-21.44.44:540][ 92]Cmd: OBJ SAVEPACKAGE PACKAGE="/Game/Levels/First/Level1" FILE="../../../../../../GitHub/Colormage/Colormage/Content/Levels/First/Level1.umap" SILENT=true AUTOSAVING=false KEEPDIRTY=false
[2020.07.12-21.44.44:552][ 92]LogUObjectHash: Compacting FUObjectHashTables data took   0.76ms
[2020.07.12-21.44.44:762][ 92]LogSavePackage: Moving '../../../../../../GitHub/Colormage/Colormage/Saved/Level1FB92AD424DA4ADDA09E62EBB34C46FB2.tmp' to '../../../../../../GitHub/Colormage/Colormage/Content/Levels/First/Level1.umap'
[2020.07.12-21.44.44:804][ 92]AssetCheck: New page: Asset Save: Level1
[2020.07.12-21.44.44:804][ 92]LogContentValidation: Display: Validating World /Game/Levels/First/Level1.Level1
[2020.07.12-21.44.46:072][240]LogTemp: Repeating last play command: Selected Viewport
[2020.07.12-21.44.46:089][240]LogPlayLevel: PlayLevel: No blueprints needed recompiling
[2020.07.12-21.44.46:089][240]PIE: New page: PIE session: Level1 (Jul 12, 2020, 11:44:46 PM)
[2020.07.12-21.44.46:089][240]LogPlayLevel: Creating play world package: /Game/Levels/First/UEDPIE_0_Level1
[2020.07.12-21.44.46:124][240]LogPlayLevel: PIE: StaticDuplicateObject took: (0.034231s)
[2020.07.12-21.44.46:125][240]LogAIModule: Creating AISystem for world Level1
[2020.07.12-21.44.46:125][240]LogAISub: UAISubsystem::UAISubsystem EnvQueryManager (000001769BBBDE00), frame # 159240
[2020.07.12-21.44.46:125][240]LogAISub: UAISubsystem::UAISubsystem AIPerceptionSystem (0000017691CE8680), frame # 159240
[2020.07.12-21.44.46:125][240]LogPlayLevel: PIE: World Init took: (0.001378s)
[2020.07.12-21.44.46:125][240]LogPlayLevel: PIE: Created PIE world by copying editor world from /Game/Levels/First/Level1.Level1 to /Game/Levels/First/UEDPIE_0_Level1.Level1 (0.035844s)
[2020.07.12-21.44.46:135][240]LogUObjectHash: Compacting FUObjectHashTables data took   0.67ms
[2020.07.12-21.44.46:137][240]LogAudioMixer: Display: Audio Mixer Platform Settings:
[2020.07.12-21.44.46:137][240]LogAudioMixer: Display: 	Sample Rate:						  48000
[2020.07.12-21.44.46:137][240]LogAudioMixer: Display: 	Callback Buffer Frame Size Requested: 1024
[2020.07.12-21.44.46:137][240]LogAudioMixer: Display: 	Callback Buffer Frame Size To Use:	  1024
[2020.07.12-21.44.46:137][240]LogAudioMixer: Display: 	Number of buffers to queue:			  2
[2020.07.12-21.44.46:137][240]LogAudioMixer: Display: 	Max Channels (voices):				  32
[2020.07.12-21.44.46:137][240]LogAudioMixer: Display: 	Number of Async Source Workers:		  0
[2020.07.12-21.44.46:137][240]LogAudio: Display: AudioDevice MaxSources: 32
[2020.07.12-21.44.46:137][240]LogAudio: Display: Using built-in audio occlusion.
[2020.07.12-21.44.46:137][240]LogAudioMixer: Display: Initializing audio mixer.
[2020.07.12-21.44.46:147][240]LogAudioMixer: Display: 0: FrontLeft
[2020.07.12-21.44.46:147][240]LogAudioMixer: Display: 1: FrontRight
[2020.07.12-21.44.46:181][240]LogAudioMixer: Display: Using Audio Device Realtek Digital Output (2- Realtek High Definition Audio)
[2020.07.12-21.44.46:181][240]LogAudioMixer: Display: Initializing Sound Submixes...
[2020.07.12-21.44.46:181][240]LogAudioMixer: Display: Creating Master Submix 'MasterSubmixDefault'
[2020.07.12-21.44.46:181][240]LogAudioMixer: Display: Creating Master Submix 'MasterReverbSubmixDefault'
[2020.07.12-21.44.46:181][240]LogAudioMixer: Display: Creating Master Submix 'MasterEQSubmixDefault'
[2020.07.12-21.44.46:195][240]LogInit: FAudioDevice initialized.
[2020.07.12-21.44.46:201][240]LogLoad: Game class is '2DSideScrollerGameMode_C'
[2020.07.12-21.44.46:219][240]LogWorld: Bringing World /Game/Levels/First/UEDPIE_0_Level1.Level1 up for play (max tick rate 0) at 2020.07.12-22.44.46
[2020.07.12-21.44.46:220][240]LogWorld: Bringing up level for play took: 0.017983
[2020.07.12-21.44.46:221][240]LogOnline: OSS: Creating online subsystem instance for: :Context_4
[2020.07.12-21.44.46:227][240]PIE: Server logged in
[2020.07.12-21.44.46:228][240]PIE: Play in editor total start time 0.14 seconds.
[2020.07.12-21.44.52:207][941]LogSlate: Updating window title bar state: overlay mode, drag disabled, window buttons hidden, title bar hidden
[2020.07.12-21.44.52:207][941]LogWorld: BeginTearingDown for /Game/Levels/First/UEDPIE_0_Level1
[2020.07.12-21.44.52:207][941]LogWorld: UWorld::CleanupWorld for Level1, bSessionEnded=true, bCleanupResources=true
[2020.07.12-21.44.52:210][941]LogSlate: InvalidateAllWidgets triggered.  All widgets were invalidated
[2020.07.12-21.44.52:217][941]LogPlayLevel: Display: Shutting down PIE online subsystems
[2020.07.12-21.44.52:219][941]LogSlate: InvalidateAllWidgets triggered.  All widgets were invalidated
[2020.07.12-21.44.52:228][941]LogSlate: Updating window title bar state: overlay mode, drag disabled, window buttons hidden, title bar hidden
[2020.07.12-21.44.52:248][941]LogAISub: UAISubsystem::~UAISubsystem AIPerceptionSystem (0000017691CE8680), frame # 159941
[2020.07.12-21.44.52:248][941]LogAISub: UAISubsystem::~UAISubsystem EnvQueryManager (000001769BBBDE00), frame # 159941
[2020.07.12-21.44.52:250][941]LogUObjectHash: Compacting FUObjectHashTables data took   0.71ms
[2020.07.12-21.44.52:291][942]LogPlayLevel: Display: Destroying online subsystem :Context_4
[2020.07.12-21.44.55:385][301]LogEditorViewport: Clicking on Actor (LMB): PaperSpriteActor (game_background_3_1_Sprite)
[2020.07.12-21.45.02:463][ 93]LogEditorViewport: Clicking Background
[2020.07.12-21.45.02:849][135]LogEditorViewport: Clicking on Actor (LMB): PaperSpriteActor (game_background_3_1_Sprite)
[2020.07.12-21.45.08:679][752]Cmd: OBJ SAVEPACKAGE PACKAGE="/Game/Levels/First/Level1" FILE="../../../../../../GitHub/Colormage/Colormage/Content/Levels/First/Level1.umap" SILENT=true AUTOSAVING=false KEEPDIRTY=false
[2020.07.12-21.45.08:690][752]LogUObjectHash: Compacting FUObjectHashTables data took   0.92ms
[2020.07.12-21.45.08:916][752]LogSavePackage: Moving '../../../../../../GitHub/Colormage/Colormage/Saved/Level10F104C834C8A906D0D831C93F76EA8D5.tmp' to '../../../../../../GitHub/Colormage/Colormage/Content/Levels/First/Level1.umap'
[2020.07.12-21.45.08:963][752]AssetCheck: New page: Asset Save: Level1
[2020.07.12-21.45.08:963][752]LogContentValidation: Display: Validating World /Game/Levels/First/Level1.Level1
[2020.07.12-21.45.09:937][865]LogTemp: Repeating last play command: Selected Viewport
[2020.07.12-21.45.09:955][865]LogPlayLevel: PlayLevel: No blueprints needed recompiling
[2020.07.12-21.45.09:955][865]PIE: New page: PIE session: Level1 (Jul 12, 2020, 11:45:09 PM)
[2020.07.12-21.45.09:955][865]LogPlayLevel: Creating play world package: /Game/Levels/First/UEDPIE_0_Level1
[2020.07.12-21.45.09:989][865]LogPlayLevel: PIE: StaticDuplicateObject took: (0.033924s)
[2020.07.12-21.45.09:990][865]LogAIModule: Creating AISystem for world Level1
[2020.07.12-21.45.09:990][865]LogAISub: UAISubsystem::UAISubsystem EnvQueryManager (000001766DE0EE00), frame # 161865
[2020.07.12-21.45.09:990][865]LogAISub: UAISubsystem::UAISubsystem AIPerceptionSystem (00000176913642C0), frame # 161865
[2020.07.12-21.45.09:991][865]LogPlayLevel: PIE: World Init took: (0.001160s)
[2020.07.12-21.45.09:991][865]LogPlayLevel: PIE: Created PIE world by copying editor world from /Game/Levels/First/Level1.Level1 to /Game/Levels/First/UEDPIE_0_Level1.Level1 (0.035290s)
[2020.07.12-21.45.10:000][865]LogUObjectHash: Compacting FUObjectHashTables data took   0.66ms
[2020.07.12-21.45.10:002][865]LogAudioMixer: Display: Audio Mixer Platform Settings:
[2020.07.12-21.45.10:002][865]LogAudioMixer: Display: 	Sample Rate:						  48000
[2020.07.12-21.45.10:002][865]LogAudioMixer: Display: 	Callback Buffer Frame Size Requested: 1024
[2020.07.12-21.45.10:002][865]LogAudioMixer: Display: 	Callback Buffer Frame Size To Use:	  1024
[2020.07.12-21.45.10:002][865]LogAudioMixer: Display: 	Number of buffers to queue:			  2
[2020.07.12-21.45.10:002][865]LogAudioMixer: Display: 	Max Channels (voices):				  32
[2020.07.12-21.45.10:002][865]LogAudioMixer: Display: 	Number of Async Source Workers:		  0
[2020.07.12-21.45.10:002][865]LogAudio: Display: AudioDevice MaxSources: 32
[2020.07.12-21.45.10:002][865]LogAudio: Display: Using built-in audio occlusion.
[2020.07.12-21.45.10:002][865]LogAudioMixer: Display: Initializing audio mixer.
[2020.07.12-21.45.10:013][865]LogAudioMixer: Display: 0: FrontLeft
[2020.07.12-21.45.10:013][865]LogAudioMixer: Display: 1: FrontRight
[2020.07.12-21.45.10:045][865]LogAudioMixer: Display: Using Audio Device Realtek Digital Output (2- Realtek High Definition Audio)
[2020.07.12-21.45.10:045][865]LogAudioMixer: Display: Initializing Sound Submixes...
[2020.07.12-21.45.10:045][865]LogAudioMixer: Display: Creating Master Submix 'MasterSubmixDefault'
[2020.07.12-21.45.10:045][865]LogAudioMixer: Display: Creating Master Submix 'MasterReverbSubmixDefault'
[2020.07.12-21.45.10:045][865]LogAudioMixer: Display: Creating Master Submix 'MasterEQSubmixDefault'
[2020.07.12-21.45.10:060][865]LogInit: FAudioDevice initialized.
[2020.07.12-21.45.10:071][865]LogLoad: Game class is '2DSideScrollerGameMode_C'
[2020.07.12-21.45.10:090][865]LogWorld: Bringing World /Game/Levels/First/UEDPIE_0_Level1.Level1 up for play (max tick rate 0) at 2020.07.12-22.45.10
[2020.07.12-21.45.10:091][865]LogWorld: Bringing up level for play took: 0.018872
[2020.07.12-21.45.10:091][865]LogOnline: OSS: Creating online subsystem instance for: :Context_5
[2020.07.12-21.45.10:098][865]PIE: Server logged in
[2020.07.12-21.45.10:099][865]PIE: Play in editor total start time 0.144 seconds.
[2020.07.12-21.45.19:687][494]LogSlate: Updating window title bar state: overlay mode, drag disabled, window buttons hidden, title bar hidden
[2020.07.12-21.45.19:687][494]LogWorld: BeginTearingDown for /Game/Levels/First/UEDPIE_0_Level1
[2020.07.12-21.45.19:688][494]LogWorld: UWorld::CleanupWorld for Level1, bSessionEnded=true, bCleanupResources=true
[2020.07.12-21.45.19:691][494]LogSlate: InvalidateAllWidgets triggered.  All widgets were invalidated
[2020.07.12-21.45.19:700][494]LogPlayLevel: Display: Shutting down PIE online subsystems
[2020.07.12-21.45.19:702][494]LogSlate: InvalidateAllWidgets triggered.  All widgets were invalidated
[2020.07.12-21.45.19:713][494]LogSlate: Updating window title bar state: overlay mode, drag disabled, window buttons hidden, title bar hidden
[2020.07.12-21.45.19:733][494]LogAISub: UAISubsystem::~UAISubsystem AIPerceptionSystem (00000176913642C0), frame # 162494
[2020.07.12-21.45.19:733][494]LogAISub: UAISubsystem::~UAISubsystem EnvQueryManager (000001766DE0EE00), frame # 162494
[2020.07.12-21.45.19:735][494]LogUObjectHash: Compacting FUObjectHashTables data took   0.91ms
[2020.07.12-21.45.19:774][495]LogPlayLevel: Display: Destroying online subsystem :Context_5
[2020.07.12-21.45.31:799][811]LogEditorViewport: Clicking on Actor (LMB): PaperSpriteActor (game_background_3_1_Sprite)
[2020.07.12-21.45.38:877][615]LogEditorViewport: Clicking on Actor (context menu): PaperSpriteActor (game_background_3_1_Sprite)
[2020.07.12-21.48.14:440][208]Cmd: OBJ SAVEPACKAGE PACKAGE="/Game/Levels/First/Level1" FILE="../../../../../../GitHub/Colormage/Colormage/Content/Levels/First/Level1.umap" SILENT=true AUTOSAVING=false KEEPDIRTY=false
[2020.07.12-21.48.14:453][208]LogUObjectHash: Compacting FUObjectHashTables data took   0.73ms
[2020.07.12-21.48.14:672][208]LogSavePackage: Moving '../../../../../../GitHub/Colormage/Colormage/Saved/Level1A23F78074A18AF8D06181F84AA32B7C2.tmp' to '../../../../../../GitHub/Colormage/Colormage/Content/Levels/First/Level1.umap'
[2020.07.12-21.48.14:720][208]AssetCheck: New page: Asset Save: Level1
[2020.07.12-21.48.14:720][208]LogContentValidation: Display: Validating World /Game/Levels/First/Level1.Level1
[2020.07.12-21.49.07:364][385]Cmd: OBJ SAVEPACKAGE PACKAGE="/Game/Levels/First/Level1" FILE="../../../../../../GitHub/Colormage/Colormage/Content/Levels/First/Level1.umap" SILENT=true AUTOSAVING=false KEEPDIRTY=false
[2020.07.12-21.49.07:377][385]LogUObjectHash: Compacting FUObjectHashTables data took   0.69ms
[2020.07.12-21.49.07:600][385]LogSavePackage: Moving '../../../../../../GitHub/Colormage/Colormage/Saved/Level186D013AF46512BBD9382B193B372CCF1.tmp' to '../../../../../../GitHub/Colormage/Colormage/Content/Levels/First/Level1.umap'
[2020.07.12-21.49.07:651][385]AssetCheck: New page: Asset Save: Level1
[2020.07.12-21.49.07:651][385]LogContentValidation: Display: Validating World /Game/Levels/First/Level1.Level1
[2020.07.12-21.49.29:302][888]Cmd: OBJ SAVEPACKAGE PACKAGE="/Game/Levels/First/Level1" FILE="../../../../../../GitHub/Colormage/Colormage/Content/Levels/First/Level1.umap" SILENT=true AUTOSAVING=false KEEPDIRTY=false
[2020.07.12-21.49.29:315][888]LogUObjectHash: Compacting FUObjectHashTables data took   0.40ms
[2020.07.12-21.49.29:544][888]LogSavePackage: Moving '../../../../../../GitHub/Colormage/Colormage/Saved/Level17DDD1833492538AF013A7C97526DB782.tmp' to '../../../../../../GitHub/Colormage/Colormage/Content/Levels/First/Level1.umap'
[2020.07.12-21.49.29:590][888]AssetCheck: New page: Asset Save: Level1
[2020.07.12-21.49.29:590][888]LogContentValidation: Display: Validating World /Game/Levels/First/Level1.Level1
[2020.07.12-21.49.37:962][873]Cmd: OBJ SAVEPACKAGE PACKAGE="/Game/Levels/First/Level1" FILE="../../../../../../GitHub/Colormage/Colormage/Content/Levels/First/Level1.umap" SILENT=true AUTOSAVING=false KEEPDIRTY=false
[2020.07.12-21.49.37:973][873]LogUObjectHash: Compacting FUObjectHashTables data took   0.31ms
[2020.07.12-21.49.38:192][873]LogSavePackage: Moving '../../../../../../GitHub/Colormage/Colormage/Saved/Level16F6E2D0347C350E60F97118D397B1133.tmp' to '../../../../../../GitHub/Colormage/Colormage/Content/Levels/First/Level1.umap'
[2020.07.12-21.49.38:234][873]AssetCheck: New page: Asset Save: Level1
[2020.07.12-21.49.38:234][873]LogContentValidation: Display: Validating World /Game/Levels/First/Level1.Level1
